<?xml version="1.0" encoding="UTF-8" standalone="yes"?><!DOCTYPE report PUBLIC "-//JACOCO//DTD Report 1.0//EN" "report.dtd"><report name="JaCoCoverage analysis (powered by JaCoCo from EclEmma)"><sessioninfo id="DESKTOP-3RKDCDM-b34c460f" start="1528061864872" dump="1528062066428"/><package name="imprenta/UI"><class name="imprenta/UI/NuevoTrabajo$3$1"><method name="&lt;init&gt;" desc="(Limprenta/UI/NuevoTrabajo$3;)V" line="317"><counter type="INSTRUCTION" missed="6" covered="0"/><counter type="LINE" missed="1" covered="0"/><counter type="COMPLEXITY" missed="1" covered="0"/><counter type="METHOD" missed="1" covered="0"/></method><method name="windowClosing" desc="(Ljava/awt/event/WindowEvent;)V" line="320"><counter type="INSTRUCTION" missed="3" covered="0"/><counter type="LINE" missed="2" covered="0"/><counter type="COMPLEXITY" missed="1" covered="0"/><counter type="METHOD" missed="1" covered="0"/></method><counter type="INSTRUCTION" missed="9" covered="0"/><counter type="LINE" missed="3" covered="0"/><counter type="COMPLEXITY" missed="2" covered="0"/><counter type="METHOD" missed="2" covered="0"/><counter type="CLASS" missed="1" covered="0"/></class><class name="imprenta/UI/NuevaModificacion$1"><method name="&lt;init&gt;" desc="(Limprenta/UI/NuevaModificacion;)V" line="52"><counter type="INSTRUCTION" missed="0" covered="6"/><counter type="LINE" missed="0" covered="1"/><counter type="COMPLEXITY" missed="0" covered="1"/><counter type="METHOD" missed="0" covered="1"/></method><method name="actionPerformed" desc="(Ljava/awt/event/ActionEvent;)V" line="54"><counter type="INSTRUCTION" missed="5" covered="0"/><counter type="LINE" missed="2" covered="0"/><counter type="COMPLEXITY" missed="1" covered="0"/><counter type="METHOD" missed="1" covered="0"/></method><counter type="INSTRUCTION" missed="5" covered="6"/><counter type="LINE" missed="2" covered="1"/><counter type="COMPLEXITY" missed="1" covered="1"/><counter type="METHOD" missed="1" covered="1"/><counter type="CLASS" missed="0" covered="1"/></class><class name="imprenta/UI/NuevaModificacion$2"><method name="&lt;init&gt;" desc="(Limprenta/UI/NuevaModificacion;)V" line="59"><counter type="INSTRUCTION" missed="0" covered="6"/><counter type="LINE" missed="0" covered="1"/><counter type="COMPLEXITY" missed="0" covered="1"/><counter type="METHOD" missed="0" covered="1"/></method><method name="actionPerformed" desc="(Ljava/awt/event/ActionEvent;)V" line="61"><counter type="INSTRUCTION" missed="0" covered="5"/><counter type="LINE" missed="0" covered="2"/><counter type="COMPLEXITY" missed="0" covered="1"/><counter type="METHOD" missed="0" covered="1"/></method><counter type="INSTRUCTION" missed="0" covered="11"/><counter type="LINE" missed="0" covered="3"/><counter type="COMPLEXITY" missed="0" covered="2"/><counter type="METHOD" missed="0" covered="2"/><counter type="CLASS" missed="0" covered="1"/></class><class name="imprenta/UI/NuevaModificacion$3"><method name="&lt;init&gt;" desc="()V" line="144"><counter type="INSTRUCTION" missed="3" covered="0"/><counter type="LINE" missed="1" covered="0"/><counter type="COMPLEXITY" missed="1" covered="0"/><counter type="METHOD" missed="1" covered="0"/></method><method name="run" desc="()V" line="146"><counter type="INSTRUCTION" missed="18" covered="0"/><counter type="LINE" missed="4" covered="0"/><counter type="COMPLEXITY" missed="1" covered="0"/><counter type="METHOD" missed="1" covered="0"/></method><counter type="INSTRUCTION" missed="21" covered="0"/><counter type="LINE" missed="5" covered="0"/><counter type="COMPLEXITY" missed="2" covered="0"/><counter type="METHOD" missed="2" covered="0"/><counter type="CLASS" missed="1" covered="0"/></class><class name="imprenta/UI/SignIn"><method name="&lt;init&gt;" desc="()V" line="24"><counter type="INSTRUCTION" missed="0" covered="43"/><counter type="LINE" missed="0" covered="12"/><counter type="COMPLEXITY" missed="0" covered="1"/><counter type="METHOD" missed="0" covered="1"/></method><method name="initComponents" desc="()V" line="52"><counter type="INSTRUCTION" missed="0" covered="736"/><counter type="LINE" missed="0" covered="184"/><counter type="COMPLEXITY" missed="0" covered="1"/><counter type="METHOD" missed="0" covered="1"/></method><method name="btnOperaActionPerformed" desc="(Ljava/awt/event/ActionEvent;)V" line="317"><counter type="INSTRUCTION" missed="0" covered="9"/><counter type="LINE" missed="0" covered="3"/><counter type="COMPLEXITY" missed="0" covered="1"/><counter type="METHOD" missed="0" covered="1"/></method><method name="btnClienteActionPerformed" desc="(Ljava/awt/event/ActionEvent;)V" line="322"><counter type="INSTRUCTION" missed="9" covered="0"/><counter type="LINE" missed="3" covered="0"/><counter type="COMPLEXITY" missed="1" covered="0"/><counter type="METHOD" missed="1" covered="0"/></method><method name="btnClienteAtrasActionPerformed" desc="(Ljava/awt/event/ActionEvent;)V" line="327"><counter type="INSTRUCTION" missed="9" covered="0"/><counter type="LINE" missed="3" covered="0"/><counter type="COMPLEXITY" missed="1" covered="0"/><counter type="METHOD" missed="1" covered="0"/></method><method name="btnOperaAtrasActionPerformed" desc="(Ljava/awt/event/ActionEvent;)V" line="332"><counter type="INSTRUCTION" missed="24" covered="0"/><counter type="LINE" missed="6" covered="0"/><counter type="COMPLEXITY" missed="1" covered="0"/><counter type="METHOD" missed="1" covered="0"/></method><method name="jToggleButton1ActionPerformed" desc="(Ljava/awt/event/ActionEvent;)V" line="340"><counter type="INSTRUCTION" missed="4" covered="0"/><counter type="LINE" missed="2" covered="0"/><counter type="COMPLEXITY" missed="1" covered="0"/><counter type="METHOD" missed="1" covered="0"/></method><method name="txtOperaNifKeyPressed" desc="(Ljava/awt/event/KeyEvent;)V" line="344"><counter type="INSTRUCTION" missed="32" covered="27"/><counter type="BRANCH" missed="4" covered="6"/><counter type="LINE" missed="5" covered="9"/><counter type="COMPLEXITY" missed="4" covered="2"/><counter type="METHOD" missed="0" covered="1"/></method><method name="txtOperaNifKeyReleased" desc="(Ljava/awt/event/KeyEvent;)V" line="377"><counter type="INSTRUCTION" missed="0" covered="43"/><counter type="BRANCH" missed="2" covered="4"/><counter type="LINE" missed="0" covered="9"/><counter type="COMPLEXITY" missed="2" covered="2"/><counter type="METHOD" missed="0" covered="1"/></method><method name="lblNuevoClienteMouseEntered" desc="(Ljava/awt/event/MouseEvent;)V" line="392"><counter type="INSTRUCTION" missed="5" covered="0"/><counter type="LINE" missed="2" covered="0"/><counter type="COMPLEXITY" missed="1" covered="0"/><counter type="METHOD" missed="1" covered="0"/></method><method name="lblNuevoClienteMouseExited" desc="(Ljava/awt/event/MouseEvent;)V" line="396"><counter type="INSTRUCTION" missed="4" covered="0"/><counter type="LINE" missed="2" covered="0"/><counter type="COMPLEXITY" missed="1" covered="0"/><counter type="METHOD" missed="1" covered="0"/></method><method name="lblNuevoClienteMouseClicked" desc="(Ljava/awt/event/MouseEvent;)V" line="400"><counter type="INSTRUCTION" missed="7" covered="0"/><counter type="LINE" missed="2" covered="0"/><counter type="COMPLEXITY" missed="1" covered="0"/><counter type="METHOD" missed="1" covered="0"/></method><method name="lblNuevoOperarioMouseClicked" desc="(Ljava/awt/event/MouseEvent;)V" line="404"><counter type="INSTRUCTION" missed="7" covered="0"/><counter type="LINE" missed="2" covered="0"/><counter type="COMPLEXITY" missed="1" covered="0"/><counter type="METHOD" missed="1" covered="0"/></method><method name="lblNuevoOperarioMouseEntered" desc="(Ljava/awt/event/MouseEvent;)V" line="408"><counter type="INSTRUCTION" missed="5" covered="0"/><counter type="LINE" missed="2" covered="0"/><counter type="COMPLEXITY" missed="1" covered="0"/><counter type="METHOD" missed="1" covered="0"/></method><method name="lblNuevoOperarioMouseExited" desc="(Ljava/awt/event/MouseEvent;)V" line="412"><counter type="INSTRUCTION" missed="4" covered="0"/><counter type="LINE" missed="2" covered="0"/><counter type="COMPLEXITY" missed="1" covered="0"/><counter type="METHOD" missed="1" covered="0"/></method><method name="simulacionHuellaDetectada" desc="()Z" line="416"><counter type="INSTRUCTION" missed="1" covered="7"/><counter type="BRANCH" missed="1" covered="1"/><counter type="LINE" missed="0" covered="1"/><counter type="COMPLEXITY" missed="1" covered="1"/><counter type="METHOD" missed="0" covered="1"/></method><method name="tipoOperario" desc="()I" line="420"><counter type="INSTRUCTION" missed="6" covered="30"/><counter type="BRANCH" missed="3" covered="5"/><counter type="LINE" missed="3" covered="8"/><counter type="COMPLEXITY" missed="3" covered="2"/><counter type="METHOD" missed="0" covered="1"/></method><method name="huellaCorrecta" desc="()V" line="437"><counter type="INSTRUCTION" missed="0" covered="41"/><counter type="LINE" missed="0" covered="6"/><counter type="COMPLEXITY" missed="0" covered="1"/><counter type="METHOD" missed="0" covered="1"/></method><method name="entrar" desc="(I)V" line="456"><counter type="INSTRUCTION" missed="0" covered="8"/><counter type="LINE" missed="0" covered="3"/><counter type="COMPLEXITY" missed="0" covered="1"/><counter type="METHOD" missed="0" covered="1"/></method><method name="main" desc="([Ljava/lang/String;)V" line="470"><counter type="INSTRUCTION" missed="35" covered="31"/><counter type="BRANCH" missed="1" covered="3"/><counter type="LINE" missed="8" covered="7"/><counter type="COMPLEXITY" missed="1" covered="2"/><counter type="METHOD" missed="0" covered="1"/></method><counter type="INSTRUCTION" missed="152" covered="975"/><counter type="BRANCH" missed="11" covered="19"/><counter type="LINE" missed="42" covered="242"/><counter type="COMPLEXITY" missed="21" covered="14"/><counter type="METHOD" missed="10" covered="10"/><counter type="CLASS" missed="0" covered="1"/></class><class name="imprenta/UI/NuevaModificacion$2$1"><method name="&lt;init&gt;" desc="(Limprenta/UI/NuevaModificacion$2;)V" line="129"><counter type="INSTRUCTION" missed="6" covered="0"/><counter type="LINE" missed="1" covered="0"/><counter type="COMPLEXITY" missed="1" covered="0"/><counter type="METHOD" missed="1" covered="0"/></method><method name="windowClosing" desc="(Ljava/awt/event/WindowEvent;)V" line="132"><counter type="INSTRUCTION" missed="3" covered="0"/><counter type="LINE" missed="2" covered="0"/><counter type="COMPLEXITY" missed="1" covered="0"/><counter type="METHOD" missed="1" covered="0"/></method><counter type="INSTRUCTION" missed="9" covered="0"/><counter type="LINE" missed="3" covered="0"/><counter type="COMPLEXITY" missed="2" covered="0"/><counter type="METHOD" missed="2" covered="0"/><counter type="CLASS" missed="1" covered="0"/></class><class name="imprenta/UI/NuevaModificacion"><method name="&lt;init&gt;" desc="(Ljava/awt/Frame;Z)V" line="22"><counter type="INSTRUCTION" missed="0" covered="10"/><counter type="LINE" missed="0" covered="4"/><counter type="COMPLEXITY" missed="0" covered="1"/><counter type="METHOD" missed="0" covered="1"/></method><method name="initComponents" desc="()V" line="36"><counter type="INSTRUCTION" missed="0" covered="163"/><counter type="LINE" missed="0" covered="46"/><counter type="COMPLEXITY" missed="0" covered="1"/><counter type="METHOD" missed="0" covered="1"/></method><method name="btnCancelarActionPerformed" desc="(Ljava/awt/event/ActionEvent;)V" line="101"><counter type="INSTRUCTION" missed="0" covered="3"/><counter type="LINE" missed="0" covered="2"/><counter type="COMPLEXITY" missed="0" covered="1"/><counter type="METHOD" missed="0" covered="1"/></method><method name="btnAnadirModActionPerformed" desc="(Ljava/awt/event/ActionEvent;)V" line="105"><counter type="INSTRUCTION" missed="5" covered="14"/><counter type="LINE" missed="2" covered="2"/><counter type="COMPLEXITY" missed="0" covered="1"/><counter type="METHOD" missed="0" covered="1"/></method><method name="main" desc="([Ljava/lang/String;)V" line="125"><counter type="INSTRUCTION" missed="66" covered="0"/><counter type="BRANCH" missed="4" covered="0"/><counter type="LINE" missed="15" covered="0"/><counter type="COMPLEXITY" missed="3" covered="0"/><counter type="METHOD" missed="1" covered="0"/></method><counter type="INSTRUCTION" missed="71" covered="190"/><counter type="BRANCH" missed="4" covered="0"/><counter type="LINE" missed="17" covered="54"/><counter type="COMPLEXITY" missed="3" covered="4"/><counter type="METHOD" missed="1" covered="4"/><counter type="CLASS" missed="0" covered="1"/></class><class name="imprenta/UI/RepararMaquina$4$1"><method name="&lt;init&gt;" desc="(Limprenta/UI/RepararMaquina$4;)V" line="193"><counter type="INSTRUCTION" missed="6" covered="0"/><counter type="LINE" missed="1" covered="0"/><counter type="COMPLEXITY" missed="1" covered="0"/><counter type="METHOD" missed="1" covered="0"/></method><method name="windowClosing" desc="(Ljava/awt/event/WindowEvent;)V" line="196"><counter type="INSTRUCTION" missed="3" covered="0"/><counter type="LINE" missed="2" covered="0"/><counter type="COMPLEXITY" missed="1" covered="0"/><counter type="METHOD" missed="1" covered="0"/></method><counter type="INSTRUCTION" missed="9" covered="0"/><counter type="LINE" missed="3" covered="0"/><counter type="COMPLEXITY" missed="2" covered="0"/><counter type="METHOD" missed="2" covered="0"/><counter type="CLASS" missed="1" covered="0"/></class><class name="imprenta/UI/NuevoCliente$4"><method name="&lt;init&gt;" desc="()V" line="183"><counter type="INSTRUCTION" missed="3" covered="0"/><counter type="LINE" missed="1" covered="0"/><counter type="COMPLEXITY" missed="1" covered="0"/><counter type="METHOD" missed="1" covered="0"/></method><method name="run" desc="()V" line="185"><counter type="INSTRUCTION" missed="18" covered="0"/><counter type="LINE" missed="4" covered="0"/><counter type="COMPLEXITY" missed="1" covered="0"/><counter type="METHOD" missed="1" covered="0"/></method><counter type="INSTRUCTION" missed="21" covered="0"/><counter type="LINE" missed="5" covered="0"/><counter type="COMPLEXITY" missed="2" covered="0"/><counter type="METHOD" missed="2" covered="0"/><counter type="CLASS" missed="1" covered="0"/></class><class name="imprenta/UI/NuevoCliente$3"><method name="&lt;init&gt;" desc="(Limprenta/UI/NuevoCliente;)V" line="74"><counter type="INSTRUCTION" missed="6" covered="0"/><counter type="LINE" missed="1" covered="0"/><counter type="COMPLEXITY" missed="1" covered="0"/><counter type="METHOD" missed="1" covered="0"/></method><method name="actionPerformed" desc="(Ljava/awt/event/ActionEvent;)V" line="76"><counter type="INSTRUCTION" missed="5" covered="0"/><counter type="LINE" missed="2" covered="0"/><counter type="COMPLEXITY" missed="1" covered="0"/><counter type="METHOD" missed="1" covered="0"/></method><counter type="INSTRUCTION" missed="11" covered="0"/><counter type="LINE" missed="3" covered="0"/><counter type="COMPLEXITY" missed="2" covered="0"/><counter type="METHOD" missed="2" covered="0"/><counter type="CLASS" missed="1" covered="0"/></class><class name="imprenta/UI/NuevoCliente$2"><method name="&lt;init&gt;" desc="(Limprenta/UI/NuevoCliente;)V" line="61"><counter type="INSTRUCTION" missed="6" covered="0"/><counter type="LINE" missed="1" covered="0"/><counter type="COMPLEXITY" missed="1" covered="0"/><counter type="METHOD" missed="1" covered="0"/></method><method name="keyReleased" desc="(Ljava/awt/event/KeyEvent;)V" line="63"><counter type="INSTRUCTION" missed="5" covered="0"/><counter type="LINE" missed="2" covered="0"/><counter type="COMPLEXITY" missed="1" covered="0"/><counter type="METHOD" missed="1" covered="0"/></method><counter type="INSTRUCTION" missed="11" covered="0"/><counter type="LINE" missed="3" covered="0"/><counter type="COMPLEXITY" missed="2" covered="0"/><counter type="METHOD" missed="2" covered="0"/><counter type="CLASS" missed="1" covered="0"/></class><class name="imprenta/UI/About"><method name="&lt;init&gt;" desc="(Ljava/awt/Frame;Z)V" line="20"><counter type="INSTRUCTION" missed="14" covered="0"/><counter type="LINE" missed="4" covered="0"/><counter type="COMPLEXITY" missed="1" covered="0"/><counter type="METHOD" missed="1" covered="0"/></method><method name="initComponents" desc="()V" line="34"><counter type="INSTRUCTION" missed="61" covered="0"/><counter type="LINE" missed="19" covered="0"/><counter type="COMPLEXITY" missed="1" covered="0"/><counter type="METHOD" missed="1" covered="0"/></method><method name="main" desc="([Ljava/lang/String;)V" line="70"><counter type="INSTRUCTION" missed="66" covered="0"/><counter type="BRANCH" missed="4" covered="0"/><counter type="LINE" missed="15" covered="0"/><counter type="COMPLEXITY" missed="3" covered="0"/><counter type="METHOD" missed="1" covered="0"/></method><counter type="INSTRUCTION" missed="141" covered="0"/><counter type="BRANCH" missed="4" covered="0"/><counter type="LINE" missed="38" covered="0"/><counter type="COMPLEXITY" missed="5" covered="0"/><counter type="METHOD" missed="3" covered="0"/><counter type="CLASS" missed="1" covered="0"/></class><class name="imprenta/UI/NuevoCliente$1"><method name="&lt;init&gt;" desc="(Limprenta/UI/NuevoCliente;)V" line="53"><counter type="INSTRUCTION" missed="6" covered="0"/><counter type="LINE" missed="1" covered="0"/><counter type="COMPLEXITY" missed="1" covered="0"/><counter type="METHOD" missed="1" covered="0"/></method><method name="keyReleased" desc="(Ljava/awt/event/KeyEvent;)V" line="55"><counter type="INSTRUCTION" missed="5" covered="0"/><counter type="LINE" missed="2" covered="0"/><counter type="COMPLEXITY" missed="1" covered="0"/><counter type="METHOD" missed="1" covered="0"/></method><counter type="INSTRUCTION" missed="11" covered="0"/><counter type="LINE" missed="3" covered="0"/><counter type="COMPLEXITY" missed="2" covered="0"/><counter type="METHOD" missed="2" covered="0"/><counter type="CLASS" missed="1" covered="0"/></class><class name="imprenta/UI/MainOperario$10"><method name="&lt;init&gt;" desc="([Ljava/lang/String;)V" line="460"><counter type="INSTRUCTION" missed="6" covered="0"/><counter type="LINE" missed="1" covered="0"/><counter type="COMPLEXITY" missed="1" covered="0"/><counter type="METHOD" missed="1" covered="0"/></method><method name="run" desc="()V" line="462"><counter type="INSTRUCTION" missed="11" covered="0"/><counter type="LINE" missed="2" covered="0"/><counter type="COMPLEXITY" missed="1" covered="0"/><counter type="METHOD" missed="1" covered="0"/></method><counter type="INSTRUCTION" missed="17" covered="0"/><counter type="LINE" missed="3" covered="0"/><counter type="COMPLEXITY" missed="2" covered="0"/><counter type="METHOD" missed="2" covered="0"/><counter type="CLASS" missed="1" covered="0"/></class><class name="imprenta/UI/NuevoTrabajo$1"><method name="&lt;init&gt;" desc="(Limprenta/UI/NuevoTrabajo;)V" line="62"><counter type="INSTRUCTION" missed="0" covered="6"/><counter type="LINE" missed="0" covered="1"/><counter type="COMPLEXITY" missed="0" covered="1"/><counter type="METHOD" missed="0" covered="1"/></method><method name="actionPerformed" desc="(Ljava/awt/event/ActionEvent;)V" line="64"><counter type="INSTRUCTION" missed="0" covered="5"/><counter type="LINE" missed="0" covered="2"/><counter type="COMPLEXITY" missed="0" covered="1"/><counter type="METHOD" missed="0" covered="1"/></method><counter type="INSTRUCTION" missed="0" covered="11"/><counter type="LINE" missed="0" covered="3"/><counter type="COMPLEXITY" missed="0" covered="2"/><counter type="METHOD" missed="0" covered="2"/><counter type="CLASS" missed="0" covered="1"/></class><class name="imprenta/UI/NuevoTrabajo$3"><method name="&lt;init&gt;" desc="()V" line="314"><counter type="INSTRUCTION" missed="3" covered="0"/><counter type="LINE" missed="1" covered="0"/><counter type="COMPLEXITY" missed="1" covered="0"/><counter type="METHOD" missed="1" covered="0"/></method><method name="run" desc="()V" line="316"><counter type="INSTRUCTION" missed="18" covered="0"/><counter type="LINE" missed="4" covered="0"/><counter type="COMPLEXITY" missed="1" covered="0"/><counter type="METHOD" missed="1" covered="0"/></method><counter type="INSTRUCTION" missed="21" covered="0"/><counter type="LINE" missed="5" covered="0"/><counter type="COMPLEXITY" missed="2" covered="0"/><counter type="METHOD" missed="2" covered="0"/><counter type="CLASS" missed="1" covered="0"/></class><class name="imprenta/UI/NuevoTrabajo$2"><method name="&lt;init&gt;" desc="(Limprenta/UI/NuevoTrabajo;)V" line="73"><counter type="INSTRUCTION" missed="0" covered="6"/><counter type="LINE" missed="0" covered="1"/><counter type="COMPLEXITY" missed="0" covered="1"/><counter type="METHOD" missed="0" covered="1"/></method><method name="actionPerformed" desc="(Ljava/awt/event/ActionEvent;)V" line="75"><counter type="INSTRUCTION" missed="0" covered="5"/><counter type="LINE" missed="0" covered="2"/><counter type="COMPLEXITY" missed="0" covered="1"/><counter type="METHOD" missed="0" covered="1"/></method><counter type="INSTRUCTION" missed="0" covered="11"/><counter type="LINE" missed="0" covered="3"/><counter type="COMPLEXITY" missed="0" covered="2"/><counter type="METHOD" missed="0" covered="2"/><counter type="CLASS" missed="0" covered="1"/></class><class name="imprenta/UI/MainOperario"><method name="&lt;init&gt;" desc="(I)V" line="26"><counter type="INSTRUCTION" missed="0" covered="38"/><counter type="LINE" missed="0" covered="9"/><counter type="COMPLEXITY" missed="0" covered="1"/><counter type="METHOD" missed="0" covered="1"/></method><method name="initComponents" desc="()V" line="48"><counter type="INSTRUCTION" missed="0" covered="828"/><counter type="BRANCH" missed="1" covered="1"/><counter type="LINE" missed="0" covered="189"/><counter type="COMPLEXITY" missed="1" covered="1"/><counter type="METHOD" missed="0" covered="1"/></method><method name="btnRellenarActionPerformed" desc="(Ljava/awt/event/ActionEvent;)V" line="336"><counter type="INSTRUCTION" missed="0" covered="8"/><counter type="LINE" missed="0" covered="2"/><counter type="COMPLEXITY" missed="0" covered="1"/><counter type="METHOD" missed="0" covered="1"/></method><method name="btnRepararActionPerformed" desc="(Ljava/awt/event/ActionEvent;)V" line="340"><counter type="INSTRUCTION" missed="0" covered="8"/><counter type="LINE" missed="0" covered="2"/><counter type="COMPLEXITY" missed="0" covered="1"/><counter type="METHOD" missed="0" covered="1"/></method><method name="btnModsActionPerformed" desc="(Ljava/awt/event/ActionEvent;)V" line="344"><counter type="INSTRUCTION" missed="0" covered="11"/><counter type="LINE" missed="0" covered="2"/><counter type="COMPLEXITY" missed="0" covered="1"/><counter type="METHOD" missed="0" covered="1"/></method><method name="mnAboutActionPerformed" desc="(Ljava/awt/event/ActionEvent;)V" line="349"><counter type="INSTRUCTION" missed="1" covered="0"/><counter type="LINE" missed="1" covered="0"/><counter type="COMPLEXITY" missed="1" covered="0"/><counter type="METHOD" missed="1" covered="0"/></method><method name="btnNuevoTrabajoActionPerformed" desc="(Ljava/awt/event/ActionEvent;)V" line="352"><counter type="INSTRUCTION" missed="0" covered="9"/><counter type="LINE" missed="0" covered="3"/><counter type="COMPLEXITY" missed="0" covered="1"/><counter type="METHOD" missed="0" covered="1"/></method><method name="tblTrabajosMouseClicked" desc="(Ljava/awt/event/MouseEvent;)V" line="357"><counter type="INSTRUCTION" missed="0" covered="8"/><counter type="BRANCH" missed="1" covered="1"/><counter type="LINE" missed="0" covered="3"/><counter type="COMPLEXITY" missed="1" covered="1"/><counter type="METHOD" missed="0" covered="1"/></method><method name="btnValidarActionPerformed" desc="(Ljava/awt/event/ActionEvent;)V" line="363"><counter type="INSTRUCTION" missed="0" covered="30"/><counter type="BRANCH" missed="1" covered="3"/><counter type="LINE" missed="0" covered="8"/><counter type="COMPLEXITY" missed="1" covered="2"/><counter type="METHOD" missed="0" covered="1"/></method><method name="habilitarOpciones" desc="()V" line="374"><counter type="INSTRUCTION" missed="0" covered="13"/><counter type="LINE" missed="0" covered="4"/><counter type="COMPLEXITY" missed="0" covered="1"/><counter type="METHOD" missed="0" covered="1"/></method><method name="cargarTablaTrabajos" desc="()V" line="380"><counter type="INSTRUCTION" missed="0" covered="69"/><counter type="BRANCH" missed="0" covered="4"/><counter type="LINE" missed="0" covered="15"/><counter type="COMPLEXITY" missed="0" covered="3"/><counter type="METHOD" missed="0" covered="1"/></method><method name="cargarTablaMaquinas" desc="()V" line="399"><counter type="INSTRUCTION" missed="5" covered="70"/><counter type="BRANCH" missed="1" covered="3"/><counter type="LINE" missed="1" covered="15"/><counter type="COMPLEXITY" missed="1" covered="2"/><counter type="METHOD" missed="0" covered="1"/></method><method name="copiarTrabajoFila" desc="(I)Limprenta/Trabajo;" line="419"><counter type="INSTRUCTION" missed="3" covered="22"/><counter type="BRANCH" missed="2" covered="2"/><counter type="LINE" missed="2" covered="3"/><counter type="COMPLEXITY" missed="2" covered="1"/><counter type="METHOD" missed="0" covered="1"/></method><method name="getThis" desc="()Ljavax/swing/JFrame;" line="428"><counter type="INSTRUCTION" missed="2" covered="0"/><counter type="LINE" missed="1" covered="0"/><counter type="COMPLEXITY" missed="1" covered="0"/><counter type="METHOD" missed="1" covered="0"/></method><method name="main" desc="([Ljava/lang/String;)V" line="441"><counter type="INSTRUCTION" missed="67" covered="0"/><counter type="BRANCH" missed="4" covered="0"/><counter type="LINE" missed="15" covered="0"/><counter type="COMPLEXITY" missed="3" covered="0"/><counter type="METHOD" missed="1" covered="0"/></method><counter type="INSTRUCTION" missed="78" covered="1114"/><counter type="BRANCH" missed="10" covered="14"/><counter type="LINE" missed="20" covered="255"/><counter type="COMPLEXITY" missed="11" covered="16"/><counter type="METHOD" missed="3" covered="12"/><counter type="CLASS" missed="0" covered="1"/></class><class name="imprenta/UI/MainOperario$9"><method name="&lt;init&gt;" desc="(Limprenta/UI/MainOperario;)V" line="302"><counter type="INSTRUCTION" missed="0" covered="6"/><counter type="LINE" missed="0" covered="1"/><counter type="COMPLEXITY" missed="0" covered="1"/><counter type="METHOD" missed="0" covered="1"/></method><method name="actionPerformed" desc="(Ljava/awt/event/ActionEvent;)V" line="304"><counter type="INSTRUCTION" missed="5" covered="0"/><counter type="LINE" missed="2" covered="0"/><counter type="COMPLEXITY" missed="1" covered="0"/><counter type="METHOD" missed="1" covered="0"/></method><counter type="INSTRUCTION" missed="5" covered="6"/><counter type="LINE" missed="2" covered="1"/><counter type="COMPLEXITY" missed="1" covered="1"/><counter type="METHOD" missed="1" covered="1"/><counter type="CLASS" missed="0" covered="1"/></class><class name="imprenta/UI/RepararMaquina$3"><method name="&lt;init&gt;" desc="(Limprenta/UI/RepararMaquina;)V" line="80"><counter type="INSTRUCTION" missed="0" covered="6"/><counter type="LINE" missed="0" covered="1"/><counter type="COMPLEXITY" missed="0" covered="1"/><counter type="METHOD" missed="0" covered="1"/></method><method name="actionPerformed" desc="(Ljava/awt/event/ActionEvent;)V" line="82"><counter type="INSTRUCTION" missed="5" covered="0"/><counter type="LINE" missed="2" covered="0"/><counter type="COMPLEXITY" missed="1" covered="0"/><counter type="METHOD" missed="1" covered="0"/></method><counter type="INSTRUCTION" missed="5" covered="6"/><counter type="LINE" missed="2" covered="1"/><counter type="COMPLEXITY" missed="1" covered="1"/><counter type="METHOD" missed="1" covered="1"/><counter type="CLASS" missed="0" covered="1"/></class><class name="imprenta/UI/MainOperario$8"><method name="&lt;init&gt;" desc="(Limprenta/UI/MainOperario;)V" line="289"><counter type="INSTRUCTION" missed="0" covered="6"/><counter type="LINE" missed="0" covered="1"/><counter type="COMPLEXITY" missed="0" covered="1"/><counter type="METHOD" missed="0" covered="1"/></method><method name="actionPerformed" desc="(Ljava/awt/event/ActionEvent;)V" line="291"><counter type="INSTRUCTION" missed="0" covered="5"/><counter type="LINE" missed="0" covered="2"/><counter type="COMPLEXITY" missed="0" covered="1"/><counter type="METHOD" missed="0" covered="1"/></method><counter type="INSTRUCTION" missed="0" covered="11"/><counter type="LINE" missed="0" covered="3"/><counter type="COMPLEXITY" missed="0" covered="2"/><counter type="METHOD" missed="0" covered="2"/><counter type="CLASS" missed="0" covered="1"/></class><class name="imprenta/UI/RepararMaquina$4"><method name="&lt;init&gt;" desc="()V" line="190"><counter type="INSTRUCTION" missed="3" covered="0"/><counter type="LINE" missed="1" covered="0"/><counter type="COMPLEXITY" missed="1" covered="0"/><counter type="METHOD" missed="1" covered="0"/></method><method name="run" desc="()V" line="192"><counter type="INSTRUCTION" missed="18" covered="0"/><counter type="LINE" missed="4" covered="0"/><counter type="COMPLEXITY" missed="1" covered="0"/><counter type="METHOD" missed="1" covered="0"/></method><counter type="INSTRUCTION" missed="21" covered="0"/><counter type="LINE" missed="5" covered="0"/><counter type="COMPLEXITY" missed="2" covered="0"/><counter type="METHOD" missed="2" covered="0"/><counter type="CLASS" missed="1" covered="0"/></class><class name="imprenta/UI/MainOperario$7"><method name="&lt;init&gt;" desc="(Limprenta/UI/MainOperario;)V" line="252"><counter type="INSTRUCTION" missed="0" covered="6"/><counter type="LINE" missed="0" covered="1"/><counter type="COMPLEXITY" missed="0" covered="1"/><counter type="METHOD" missed="0" covered="1"/></method><method name="actionPerformed" desc="(Ljava/awt/event/ActionEvent;)V" line="254"><counter type="INSTRUCTION" missed="0" covered="5"/><counter type="LINE" missed="0" covered="2"/><counter type="COMPLEXITY" missed="0" covered="1"/><counter type="METHOD" missed="0" covered="1"/></method><counter type="INSTRUCTION" missed="0" covered="11"/><counter type="LINE" missed="0" covered="3"/><counter type="COMPLEXITY" missed="0" covered="2"/><counter type="METHOD" missed="0" covered="2"/><counter type="CLASS" missed="0" covered="1"/></class><class name="imprenta/UI/MainOperario$6"><method name="&lt;init&gt;" desc="(Limprenta/UI/MainOperario;)V" line="245"><counter type="INSTRUCTION" missed="0" covered="6"/><counter type="LINE" missed="0" covered="1"/><counter type="COMPLEXITY" missed="0" covered="1"/><counter type="METHOD" missed="0" covered="1"/></method><method name="actionPerformed" desc="(Ljava/awt/event/ActionEvent;)V" line="247"><counter type="INSTRUCTION" missed="0" covered="5"/><counter type="LINE" missed="0" covered="2"/><counter type="COMPLEXITY" missed="0" covered="1"/><counter type="METHOD" missed="0" covered="1"/></method><counter type="INSTRUCTION" missed="0" covered="11"/><counter type="LINE" missed="0" covered="3"/><counter type="COMPLEXITY" missed="0" covered="2"/><counter type="METHOD" missed="0" covered="2"/><counter type="CLASS" missed="0" covered="1"/></class><class name="imprenta/UI/RepararMaquina$1"><method name="&lt;init&gt;" desc="(Limprenta/UI/RepararMaquina;)V" line="61"><counter type="INSTRUCTION" missed="0" covered="6"/><counter type="LINE" missed="0" covered="1"/><counter type="COMPLEXITY" missed="0" covered="1"/><counter type="METHOD" missed="0" covered="1"/></method><method name="actionPerformed" desc="(Ljava/awt/event/ActionEvent;)V" line="63"><counter type="INSTRUCTION" missed="5" covered="0"/><counter type="LINE" missed="2" covered="0"/><counter type="COMPLEXITY" missed="1" covered="0"/><counter type="METHOD" missed="1" covered="0"/></method><counter type="INSTRUCTION" missed="5" covered="6"/><counter type="LINE" missed="2" covered="1"/><counter type="COMPLEXITY" missed="1" covered="1"/><counter type="METHOD" missed="1" covered="1"/><counter type="CLASS" missed="0" covered="1"/></class><class name="imprenta/UI/RepararMaquina$2"><method name="&lt;init&gt;" desc="(Limprenta/UI/RepararMaquina;)V" line="70"><counter type="INSTRUCTION" missed="0" covered="6"/><counter type="LINE" missed="0" covered="1"/><counter type="COMPLEXITY" missed="0" covered="1"/><counter type="METHOD" missed="0" covered="1"/></method><method name="actionPerformed" desc="(Ljava/awt/event/ActionEvent;)V" line="72"><counter type="INSTRUCTION" missed="0" covered="5"/><counter type="LINE" missed="0" covered="2"/><counter type="COMPLEXITY" missed="0" covered="1"/><counter type="METHOD" missed="0" covered="1"/></method><counter type="INSTRUCTION" missed="0" covered="11"/><counter type="LINE" missed="0" covered="3"/><counter type="COMPLEXITY" missed="0" covered="2"/><counter type="METHOD" missed="0" covered="2"/><counter type="CLASS" missed="0" covered="1"/></class><class name="imprenta/UI/MainOperario$1"><method name="&lt;init&gt;" desc="(Limprenta/UI/MainOperario;[[Ljava/lang/Object;[Ljava/lang/Object;)V" line="85"><counter type="INSTRUCTION" missed="0" covered="36"/><counter type="LINE" missed="0" covered="2"/><counter type="COMPLEXITY" missed="0" covered="1"/><counter type="METHOD" missed="0" covered="1"/></method><method name="getColumnClass" desc="(I)Ljava/lang/Class;" line="91"><counter type="INSTRUCTION" missed="0" covered="5"/><counter type="LINE" missed="0" covered="1"/><counter type="COMPLEXITY" missed="0" covered="1"/><counter type="METHOD" missed="0" covered="1"/></method><counter type="INSTRUCTION" missed="0" covered="41"/><counter type="LINE" missed="0" covered="3"/><counter type="COMPLEXITY" missed="0" covered="2"/><counter type="METHOD" missed="0" covered="2"/><counter type="CLASS" missed="0" covered="1"/></class><class name="imprenta/UI/MainOperario$5"><method name="&lt;init&gt;" desc="(Limprenta/UI/MainOperario;[[Ljava/lang/Object;[Ljava/lang/Object;)V" line="233"><counter type="INSTRUCTION" missed="0" covered="40"/><counter type="LINE" missed="0" covered="2"/><counter type="COMPLEXITY" missed="0" covered="1"/><counter type="METHOD" missed="0" covered="1"/></method><method name="getColumnClass" desc="(I)Ljava/lang/Class;" line="239"><counter type="INSTRUCTION" missed="0" covered="5"/><counter type="LINE" missed="0" covered="1"/><counter type="COMPLEXITY" missed="0" covered="1"/><counter type="METHOD" missed="0" covered="1"/></method><counter type="INSTRUCTION" missed="0" covered="45"/><counter type="LINE" missed="0" covered="3"/><counter type="COMPLEXITY" missed="0" covered="2"/><counter type="METHOD" missed="0" covered="2"/><counter type="CLASS" missed="0" covered="1"/></class><class name="imprenta/UI/MainOperario$4"><method name="&lt;init&gt;" desc="(Limprenta/UI/MainOperario;)V" line="165"><counter type="INSTRUCTION" missed="0" covered="6"/><counter type="LINE" missed="0" covered="1"/><counter type="COMPLEXITY" missed="0" covered="1"/><counter type="METHOD" missed="0" covered="1"/></method><method name="actionPerformed" desc="(Ljava/awt/event/ActionEvent;)V" line="167"><counter type="INSTRUCTION" missed="0" covered="5"/><counter type="LINE" missed="0" covered="2"/><counter type="COMPLEXITY" missed="0" covered="1"/><counter type="METHOD" missed="0" covered="1"/></method><counter type="INSTRUCTION" missed="0" covered="11"/><counter type="LINE" missed="0" covered="3"/><counter type="COMPLEXITY" missed="0" covered="2"/><counter type="METHOD" missed="0" covered="2"/><counter type="CLASS" missed="0" covered="1"/></class><class name="imprenta/UI/MainOperario$3"><method name="&lt;init&gt;" desc="(Limprenta/UI/MainOperario;)V" line="157"><counter type="INSTRUCTION" missed="0" covered="6"/><counter type="LINE" missed="0" covered="1"/><counter type="COMPLEXITY" missed="0" covered="1"/><counter type="METHOD" missed="0" covered="1"/></method><method name="actionPerformed" desc="(Ljava/awt/event/ActionEvent;)V" line="159"><counter type="INSTRUCTION" missed="0" covered="5"/><counter type="LINE" missed="0" covered="2"/><counter type="COMPLEXITY" missed="0" covered="1"/><counter type="METHOD" missed="0" covered="1"/></method><counter type="INSTRUCTION" missed="0" covered="11"/><counter type="LINE" missed="0" covered="3"/><counter type="COMPLEXITY" missed="0" covered="2"/><counter type="METHOD" missed="0" covered="2"/><counter type="CLASS" missed="0" covered="1"/></class><class name="imprenta/UI/MainOperario$2"><method name="&lt;init&gt;" desc="(Limprenta/UI/MainOperario;)V" line="94"><counter type="INSTRUCTION" missed="0" covered="6"/><counter type="LINE" missed="0" covered="1"/><counter type="COMPLEXITY" missed="0" covered="1"/><counter type="METHOD" missed="0" covered="1"/></method><method name="mouseClicked" desc="(Ljava/awt/event/MouseEvent;)V" line="96"><counter type="INSTRUCTION" missed="0" covered="5"/><counter type="LINE" missed="0" covered="2"/><counter type="COMPLEXITY" missed="0" covered="1"/><counter type="METHOD" missed="0" covered="1"/></method><counter type="INSTRUCTION" missed="0" covered="11"/><counter type="LINE" missed="0" covered="3"/><counter type="COMPLEXITY" missed="0" covered="2"/><counter type="METHOD" missed="0" covered="2"/><counter type="CLASS" missed="0" covered="1"/></class><class name="imprenta/UI/RepararMaquina"><method name="&lt;init&gt;" desc="(Ljava/awt/Frame;Z)V" line="20"><counter type="INSTRUCTION" missed="0" covered="17"/><counter type="LINE" missed="0" covered="5"/><counter type="COMPLEXITY" missed="0" covered="1"/><counter type="METHOD" missed="0" covered="1"/></method><method name="initComponents" desc="()V" line="35"><counter type="INSTRUCTION" missed="0" covered="331"/><counter type="LINE" missed="0" covered="78"/><counter type="COMPLEXITY" missed="0" covered="1"/><counter type="METHOD" missed="0" covered="1"/></method><method name="jButton1ActionPerformed" desc="(Ljava/awt/event/ActionEvent;)V" line="145"><counter type="INSTRUCTION" missed="3" covered="0"/><counter type="LINE" missed="2" covered="0"/><counter type="COMPLEXITY" missed="1" covered="0"/><counter type="METHOD" missed="1" covered="0"/></method><method name="cbOperaActionPerformed" desc="(Ljava/awt/event/ActionEvent;)V" line="149"><counter type="INSTRUCTION" missed="8" covered="10"/><counter type="BRANCH" missed="1" covered="1"/><counter type="LINE" missed="2" covered="2"/><counter type="COMPLEXITY" missed="1" covered="1"/><counter type="METHOD" missed="0" covered="1"/></method><method name="btnListaActionPerformed" desc="(Ljava/awt/event/ActionEvent;)V" line="156"><counter type="INSTRUCTION" missed="13" covered="0"/><counter type="LINE" missed="4" covered="0"/><counter type="COMPLEXITY" missed="1" covered="0"/><counter type="METHOD" missed="1" covered="0"/></method><method name="main" desc="([Ljava/lang/String;)V" line="171"><counter type="INSTRUCTION" missed="66" covered="0"/><counter type="BRANCH" missed="4" covered="0"/><counter type="LINE" missed="15" covered="0"/><counter type="COMPLEXITY" missed="3" covered="0"/><counter type="METHOD" missed="1" covered="0"/></method><counter type="INSTRUCTION" missed="90" covered="358"/><counter type="BRANCH" missed="5" covered="1"/><counter type="LINE" missed="23" covered="85"/><counter type="COMPLEXITY" missed="6" covered="3"/><counter type="METHOD" missed="3" covered="3"/><counter type="CLASS" missed="0" covered="1"/></class><class name="imprenta/UI/SignIn$9"><method name="&lt;init&gt;" desc="()V" line="488"><counter type="INSTRUCTION" missed="0" covered="3"/><counter type="LINE" missed="0" covered="1"/><counter type="COMPLEXITY" missed="0" covered="1"/><counter type="METHOD" missed="0" covered="1"/></method><method name="run" desc="()V" line="490"><counter type="INSTRUCTION" missed="0" covered="6"/><counter type="LINE" missed="0" covered="2"/><counter type="COMPLEXITY" missed="0" covered="1"/><counter type="METHOD" missed="0" covered="1"/></method><counter type="INSTRUCTION" missed="0" covered="9"/><counter type="LINE" missed="0" covered="3"/><counter type="COMPLEXITY" missed="0" covered="2"/><counter type="METHOD" missed="0" covered="2"/><counter type="CLASS" missed="0" covered="1"/></class><class name="imprenta/UI/SignIn$8"><method name="&lt;init&gt;" desc="(Limprenta/UI/SignIn;)V" line="241"><counter type="INSTRUCTION" missed="0" covered="6"/><counter type="LINE" missed="0" covered="1"/><counter type="COMPLEXITY" missed="0" covered="1"/><counter type="METHOD" missed="0" covered="1"/></method><method name="mouseClicked" desc="(Ljava/awt/event/MouseEvent;)V" line="243"><counter type="INSTRUCTION" missed="5" covered="0"/><counter type="LINE" missed="2" covered="0"/><counter type="COMPLEXITY" missed="1" covered="0"/><counter type="METHOD" missed="1" covered="0"/></method><method name="mouseEntered" desc="(Ljava/awt/event/MouseEvent;)V" line="246"><counter type="INSTRUCTION" missed="5" covered="0"/><counter type="LINE" missed="2" covered="0"/><counter type="COMPLEXITY" missed="1" covered="0"/><counter type="METHOD" missed="1" covered="0"/></method><method name="mouseExited" desc="(Ljava/awt/event/MouseEvent;)V" line="249"><counter type="INSTRUCTION" missed="5" covered="0"/><counter type="LINE" missed="2" covered="0"/><counter type="COMPLEXITY" missed="1" covered="0"/><counter type="METHOD" missed="1" covered="0"/></method><counter type="INSTRUCTION" missed="15" covered="6"/><counter type="LINE" missed="6" covered="1"/><counter type="COMPLEXITY" missed="3" covered="1"/><counter type="METHOD" missed="3" covered="1"/><counter type="CLASS" missed="0" covered="1"/></class><class name="imprenta/UI/SignIn$7"><method name="&lt;init&gt;" desc="(Limprenta/UI/SignIn;)V" line="232"><counter type="INSTRUCTION" missed="0" covered="6"/><counter type="LINE" missed="0" covered="1"/><counter type="COMPLEXITY" missed="0" covered="1"/><counter type="METHOD" missed="0" covered="1"/></method><method name="actionPerformed" desc="(Ljava/awt/event/ActionEvent;)V" line="234"><counter type="INSTRUCTION" missed="5" covered="0"/><counter type="LINE" missed="2" covered="0"/><counter type="COMPLEXITY" missed="1" covered="0"/><counter type="METHOD" missed="1" covered="0"/></method><counter type="INSTRUCTION" missed="5" covered="6"/><counter type="LINE" missed="2" covered="1"/><counter type="COMPLEXITY" missed="1" covered="1"/><counter type="METHOD" missed="1" covered="1"/><counter type="CLASS" missed="0" covered="1"/></class><class name="imprenta/UI/About$1$1"><method name="&lt;init&gt;" desc="(Limprenta/UI/About$1;)V" line="91"><counter type="INSTRUCTION" missed="6" covered="0"/><counter type="LINE" missed="1" covered="0"/><counter type="COMPLEXITY" missed="1" covered="0"/><counter type="METHOD" missed="1" covered="0"/></method><method name="windowClosing" desc="(Ljava/awt/event/WindowEvent;)V" line="94"><counter type="INSTRUCTION" missed="3" covered="0"/><counter type="LINE" missed="2" covered="0"/><counter type="COMPLEXITY" missed="1" covered="0"/><counter type="METHOD" missed="1" covered="0"/></method><counter type="INSTRUCTION" missed="9" covered="0"/><counter type="LINE" missed="3" covered="0"/><counter type="COMPLEXITY" missed="2" covered="0"/><counter type="METHOD" missed="2" covered="0"/><counter type="CLASS" missed="1" covered="0"/></class><class name="imprenta/UI/Datos"><method name="&lt;init&gt;" desc="()V" line="25"><counter type="INSTRUCTION" missed="3" covered="0"/><counter type="LINE" missed="1" covered="0"/><counter type="COMPLEXITY" missed="1" covered="0"/><counter type="METHOD" missed="1" covered="0"/></method><method name="cargarOperarios" desc="()V" line="41"><counter type="INSTRUCTION" missed="69" covered="26"/><counter type="BRANCH" missed="7" covered="1"/><counter type="LINE" missed="8" covered="9"/><counter type="COMPLEXITY" missed="4" covered="1"/><counter type="METHOD" missed="0" covered="1"/></method><method name="cargarClientes" desc="()V" line="66"><counter type="INSTRUCTION" missed="95" covered="0"/><counter type="BRANCH" missed="8" covered="0"/><counter type="LINE" missed="17" covered="0"/><counter type="COMPLEXITY" missed="5" covered="0"/><counter type="METHOD" missed="1" covered="0"/></method><method name="cargarTrabajos" desc="()V" line="91"><counter type="INSTRUCTION" missed="69" covered="26"/><counter type="BRANCH" missed="7" covered="1"/><counter type="LINE" missed="8" covered="9"/><counter type="COMPLEXITY" missed="4" covered="1"/><counter type="METHOD" missed="0" covered="1"/></method><method name="cargarMaquinas" desc="()V" line="116"><counter type="INSTRUCTION" missed="69" covered="26"/><counter type="BRANCH" missed="7" covered="1"/><counter type="LINE" missed="8" covered="9"/><counter type="COMPLEXITY" missed="4" covered="1"/><counter type="METHOD" missed="0" covered="1"/></method><method name="guardarOperarios" desc="()V" line="141"><counter type="INSTRUCTION" missed="99" covered="0"/><counter type="BRANCH" missed="10" covered="0"/><counter type="LINE" missed="17" covered="0"/><counter type="COMPLEXITY" missed="6" covered="0"/><counter type="METHOD" missed="1" covered="0"/></method><method name="guardarClientes" desc="()V" line="163"><counter type="INSTRUCTION" missed="99" covered="0"/><counter type="BRANCH" missed="10" covered="0"/><counter type="LINE" missed="17" covered="0"/><counter type="COMPLEXITY" missed="6" covered="0"/><counter type="METHOD" missed="1" covered="0"/></method><method name="guardarTrabajos" desc="()V" line="185"><counter type="INSTRUCTION" missed="69" covered="30"/><counter type="BRANCH" missed="7" covered="3"/><counter type="LINE" missed="8" covered="9"/><counter type="COMPLEXITY" missed="4" covered="2"/><counter type="METHOD" missed="0" covered="1"/></method><method name="guardarMaquinas" desc="()V" line="207"><counter type="INSTRUCTION" missed="99" covered="0"/><counter type="BRANCH" missed="10" covered="0"/><counter type="LINE" missed="17" covered="0"/><counter type="COMPLEXITY" missed="6" covered="0"/><counter type="METHOD" missed="1" covered="0"/></method><method name="&lt;clinit&gt;" desc="()V" line="27"><counter type="INSTRUCTION" missed="0" covered="41"/><counter type="LINE" missed="0" covered="9"/><counter type="COMPLEXITY" missed="0" covered="1"/><counter type="METHOD" missed="0" covered="1"/></method><counter type="INSTRUCTION" missed="671" covered="149"/><counter type="BRANCH" missed="66" covered="6"/><counter type="LINE" missed="101" covered="45"/><counter type="COMPLEXITY" missed="40" covered="6"/><counter type="METHOD" missed="5" covered="5"/><counter type="CLASS" missed="0" covered="1"/></class><class name="imprenta/UI/SignIn$6"><method name="&lt;init&gt;" desc="(Limprenta/UI/SignIn;)V" line="213"><counter type="INSTRUCTION" missed="0" covered="6"/><counter type="LINE" missed="0" covered="1"/><counter type="COMPLEXITY" missed="0" covered="1"/><counter type="METHOD" missed="0" covered="1"/></method><method name="keyPressed" desc="(Ljava/awt/event/KeyEvent;)V" line="215"><counter type="INSTRUCTION" missed="0" covered="5"/><counter type="LINE" missed="0" covered="2"/><counter type="COMPLEXITY" missed="0" covered="1"/><counter type="METHOD" missed="0" covered="1"/></method><method name="keyReleased" desc="(Ljava/awt/event/KeyEvent;)V" line="218"><counter type="INSTRUCTION" missed="0" covered="5"/><counter type="LINE" missed="0" covered="2"/><counter type="COMPLEXITY" missed="0" covered="1"/><counter type="METHOD" missed="0" covered="1"/></method><counter type="INSTRUCTION" missed="0" covered="16"/><counter type="LINE" missed="0" covered="5"/><counter type="COMPLEXITY" missed="0" covered="3"/><counter type="METHOD" missed="0" covered="3"/><counter type="CLASS" missed="0" covered="1"/></class><class name="imprenta/UI/SignIn$5"><method name="&lt;init&gt;" desc="(Limprenta/UI/SignIn;)V" line="203"><counter type="INSTRUCTION" missed="0" covered="6"/><counter type="LINE" missed="0" covered="1"/><counter type="COMPLEXITY" missed="0" covered="1"/><counter type="METHOD" missed="0" covered="1"/></method><method name="actionPerformed" desc="(Ljava/awt/event/ActionEvent;)V" line="205"><counter type="INSTRUCTION" missed="5" covered="0"/><counter type="LINE" missed="2" covered="0"/><counter type="COMPLEXITY" missed="1" covered="0"/><counter type="METHOD" missed="1" covered="0"/></method><counter type="INSTRUCTION" missed="5" covered="6"/><counter type="LINE" missed="2" covered="1"/><counter type="COMPLEXITY" missed="1" covered="1"/><counter type="METHOD" missed="1" covered="1"/><counter type="CLASS" missed="0" covered="1"/></class><class name="imprenta/UI/RellenarMaquina$5"><method name="&lt;init&gt;" desc="()V" line="187"><counter type="INSTRUCTION" missed="3" covered="0"/><counter type="LINE" missed="1" covered="0"/><counter type="COMPLEXITY" missed="1" covered="0"/><counter type="METHOD" missed="1" covered="0"/></method><method name="run" desc="()V" line="189"><counter type="INSTRUCTION" missed="18" covered="0"/><counter type="LINE" missed="4" covered="0"/><counter type="COMPLEXITY" missed="1" covered="0"/><counter type="METHOD" missed="1" covered="0"/></method><counter type="INSTRUCTION" missed="21" covered="0"/><counter type="LINE" missed="5" covered="0"/><counter type="COMPLEXITY" missed="2" covered="0"/><counter type="METHOD" missed="2" covered="0"/><counter type="CLASS" missed="1" covered="0"/></class><class name="imprenta/UI/SignIn$4"><method name="&lt;init&gt;" desc="(Limprenta/UI/SignIn;)V" line="149"><counter type="INSTRUCTION" missed="0" covered="6"/><counter type="LINE" missed="0" covered="1"/><counter type="COMPLEXITY" missed="0" covered="1"/><counter type="METHOD" missed="0" covered="1"/></method><method name="mouseClicked" desc="(Ljava/awt/event/MouseEvent;)V" line="151"><counter type="INSTRUCTION" missed="5" covered="0"/><counter type="LINE" missed="2" covered="0"/><counter type="COMPLEXITY" missed="1" covered="0"/><counter type="METHOD" missed="1" covered="0"/></method><method name="mouseEntered" desc="(Ljava/awt/event/MouseEvent;)V" line="154"><counter type="INSTRUCTION" missed="5" covered="0"/><counter type="LINE" missed="2" covered="0"/><counter type="COMPLEXITY" missed="1" covered="0"/><counter type="METHOD" missed="1" covered="0"/></method><method name="mouseExited" desc="(Ljava/awt/event/MouseEvent;)V" line="157"><counter type="INSTRUCTION" missed="5" covered="0"/><counter type="LINE" missed="2" covered="0"/><counter type="COMPLEXITY" missed="1" covered="0"/><counter type="METHOD" missed="1" covered="0"/></method><counter type="INSTRUCTION" missed="15" covered="6"/><counter type="LINE" missed="6" covered="1"/><counter type="COMPLEXITY" missed="3" covered="1"/><counter type="METHOD" missed="3" covered="1"/><counter type="CLASS" missed="0" covered="1"/></class><class name="imprenta/UI/SignIn$3"><method name="&lt;init&gt;" desc="(Limprenta/UI/SignIn;)V" line="137"><counter type="INSTRUCTION" missed="0" covered="6"/><counter type="LINE" missed="0" covered="1"/><counter type="COMPLEXITY" missed="0" covered="1"/><counter type="METHOD" missed="0" covered="1"/></method><method name="actionPerformed" desc="(Ljava/awt/event/ActionEvent;)V" line="139"><counter type="INSTRUCTION" missed="5" covered="0"/><counter type="LINE" missed="2" covered="0"/><counter type="COMPLEXITY" missed="1" covered="0"/><counter type="METHOD" missed="1" covered="0"/></method><counter type="INSTRUCTION" missed="5" covered="6"/><counter type="LINE" missed="2" covered="1"/><counter type="COMPLEXITY" missed="1" covered="1"/><counter type="METHOD" missed="1" covered="1"/><counter type="CLASS" missed="0" covered="1"/></class><class name="imprenta/UI/SignIn$2"><method name="&lt;init&gt;" desc="(Limprenta/UI/SignIn;)V" line="92"><counter type="INSTRUCTION" missed="0" covered="6"/><counter type="LINE" missed="0" covered="1"/><counter type="COMPLEXITY" missed="0" covered="1"/><counter type="METHOD" missed="0" covered="1"/></method><method name="actionPerformed" desc="(Ljava/awt/event/ActionEvent;)V" line="94"><counter type="INSTRUCTION" missed="5" covered="0"/><counter type="LINE" missed="2" covered="0"/><counter type="COMPLEXITY" missed="1" covered="0"/><counter type="METHOD" missed="1" covered="0"/></method><counter type="INSTRUCTION" missed="5" covered="6"/><counter type="LINE" missed="2" covered="1"/><counter type="COMPLEXITY" missed="1" covered="1"/><counter type="METHOD" missed="1" covered="1"/><counter type="CLASS" missed="0" covered="1"/></class><class name="imprenta/UI/NuevoOperario$7"><method name="&lt;init&gt;" desc="()V" line="315"><counter type="INSTRUCTION" missed="3" covered="0"/><counter type="LINE" missed="1" covered="0"/><counter type="COMPLEXITY" missed="1" covered="0"/><counter type="METHOD" missed="1" covered="0"/></method><method name="run" desc="()V" line="317"><counter type="INSTRUCTION" missed="18" covered="0"/><counter type="LINE" missed="4" covered="0"/><counter type="COMPLEXITY" missed="1" covered="0"/><counter type="METHOD" missed="1" covered="0"/></method><counter type="INSTRUCTION" missed="21" covered="0"/><counter type="LINE" missed="5" covered="0"/><counter type="COMPLEXITY" missed="2" covered="0"/><counter type="METHOD" missed="2" covered="0"/><counter type="CLASS" missed="1" covered="0"/></class><class name="imprenta/UI/SignIn$1"><method name="&lt;init&gt;" desc="(Limprenta/UI/SignIn;)V" line="84"><counter type="INSTRUCTION" missed="0" covered="6"/><counter type="LINE" missed="0" covered="1"/><counter type="COMPLEXITY" missed="0" covered="1"/><counter type="METHOD" missed="0" covered="1"/></method><method name="actionPerformed" desc="(Ljava/awt/event/ActionEvent;)V" line="86"><counter type="INSTRUCTION" missed="0" covered="5"/><counter type="LINE" missed="0" covered="2"/><counter type="COMPLEXITY" missed="0" covered="1"/><counter type="METHOD" missed="0" covered="1"/></method><counter type="INSTRUCTION" missed="0" covered="11"/><counter type="LINE" missed="0" covered="3"/><counter type="COMPLEXITY" missed="0" covered="2"/><counter type="METHOD" missed="0" covered="2"/><counter type="CLASS" missed="0" covered="1"/></class><class name="imprenta/UI/NuevoOperario$6"><method name="&lt;init&gt;" desc="(Limprenta/UI/NuevoOperario;)V" line="116"><counter type="INSTRUCTION" missed="6" covered="0"/><counter type="LINE" missed="1" covered="0"/><counter type="COMPLEXITY" missed="1" covered="0"/><counter type="METHOD" missed="1" covered="0"/></method><method name="keyReleased" desc="(Ljava/awt/event/KeyEvent;)V" line="118"><counter type="INSTRUCTION" missed="5" covered="0"/><counter type="LINE" missed="2" covered="0"/><counter type="COMPLEXITY" missed="1" covered="0"/><counter type="METHOD" missed="1" covered="0"/></method><counter type="INSTRUCTION" missed="11" covered="0"/><counter type="LINE" missed="3" covered="0"/><counter type="COMPLEXITY" missed="2" covered="0"/><counter type="METHOD" missed="2" covered="0"/><counter type="CLASS" missed="1" covered="0"/></class><class name="imprenta/UI/NuevoOperario$5"><method name="&lt;init&gt;" desc="(Limprenta/UI/NuevoOperario;)V" line="94"><counter type="INSTRUCTION" missed="6" covered="0"/><counter type="LINE" missed="1" covered="0"/><counter type="COMPLEXITY" missed="1" covered="0"/><counter type="METHOD" missed="1" covered="0"/></method><method name="actionPerformed" desc="(Ljava/awt/event/ActionEvent;)V" line="96"><counter type="INSTRUCTION" missed="5" covered="0"/><counter type="LINE" missed="2" covered="0"/><counter type="COMPLEXITY" missed="1" covered="0"/><counter type="METHOD" missed="1" covered="0"/></method><counter type="INSTRUCTION" missed="11" covered="0"/><counter type="LINE" missed="3" covered="0"/><counter type="COMPLEXITY" missed="2" covered="0"/><counter type="METHOD" missed="2" covered="0"/><counter type="CLASS" missed="1" covered="0"/></class><class name="imprenta/UI/NuevoOperario$4"><method name="&lt;init&gt;" desc="(Limprenta/UI/NuevoOperario;)V" line="86"><counter type="INSTRUCTION" missed="6" covered="0"/><counter type="LINE" missed="1" covered="0"/><counter type="COMPLEXITY" missed="1" covered="0"/><counter type="METHOD" missed="1" covered="0"/></method><method name="keyReleased" desc="(Ljava/awt/event/KeyEvent;)V" line="88"><counter type="INSTRUCTION" missed="5" covered="0"/><counter type="LINE" missed="2" covered="0"/><counter type="COMPLEXITY" missed="1" covered="0"/><counter type="METHOD" missed="1" covered="0"/></method><counter type="INSTRUCTION" missed="11" covered="0"/><counter type="LINE" missed="3" covered="0"/><counter type="COMPLEXITY" missed="2" covered="0"/><counter type="METHOD" missed="2" covered="0"/><counter type="CLASS" missed="1" covered="0"/></class><class name="imprenta/UI/About$1"><method name="&lt;init&gt;" desc="()V" line="88"><counter type="INSTRUCTION" missed="3" covered="0"/><counter type="LINE" missed="1" covered="0"/><counter type="COMPLEXITY" missed="1" covered="0"/><counter type="METHOD" missed="1" covered="0"/></method><method name="run" desc="()V" line="90"><counter type="INSTRUCTION" missed="18" covered="0"/><counter type="LINE" missed="4" covered="0"/><counter type="COMPLEXITY" missed="1" covered="0"/><counter type="METHOD" missed="1" covered="0"/></method><counter type="INSTRUCTION" missed="21" covered="0"/><counter type="LINE" missed="5" covered="0"/><counter type="COMPLEXITY" missed="2" covered="0"/><counter type="METHOD" missed="2" covered="0"/><counter type="CLASS" missed="1" covered="0"/></class><class name="imprenta/UI/NuevoOperario$3"><method name="&lt;init&gt;" desc="(Limprenta/UI/NuevoOperario;)V" line="78"><counter type="INSTRUCTION" missed="6" covered="0"/><counter type="LINE" missed="1" covered="0"/><counter type="COMPLEXITY" missed="1" covered="0"/><counter type="METHOD" missed="1" covered="0"/></method><method name="keyReleased" desc="(Ljava/awt/event/KeyEvent;)V" line="80"><counter type="INSTRUCTION" missed="5" covered="0"/><counter type="LINE" missed="2" covered="0"/><counter type="COMPLEXITY" missed="1" covered="0"/><counter type="METHOD" missed="1" covered="0"/></method><counter type="INSTRUCTION" missed="11" covered="0"/><counter type="LINE" missed="3" covered="0"/><counter type="COMPLEXITY" missed="2" covered="0"/><counter type="METHOD" missed="2" covered="0"/><counter type="CLASS" missed="1" covered="0"/></class><class name="imprenta/UI/NuevoOperario$2"><method name="&lt;init&gt;" desc="(Limprenta/UI/NuevoOperario;)V" line="70"><counter type="INSTRUCTION" missed="6" covered="0"/><counter type="LINE" missed="1" covered="0"/><counter type="COMPLEXITY" missed="1" covered="0"/><counter type="METHOD" missed="1" covered="0"/></method><method name="keyReleased" desc="(Ljava/awt/event/KeyEvent;)V" line="72"><counter type="INSTRUCTION" missed="5" covered="0"/><counter type="LINE" missed="2" covered="0"/><counter type="COMPLEXITY" missed="1" covered="0"/><counter type="METHOD" missed="1" covered="0"/></method><counter type="INSTRUCTION" missed="11" covered="0"/><counter type="LINE" missed="3" covered="0"/><counter type="COMPLEXITY" missed="2" covered="0"/><counter type="METHOD" missed="2" covered="0"/><counter type="CLASS" missed="1" covered="0"/></class><class name="imprenta/UI/ModificacionesTrabajo"><method name="&lt;init&gt;" desc="(Limprenta/Trabajo;)V" line="22"><counter type="INSTRUCTION" missed="0" covered="28"/><counter type="LINE" missed="0" covered="7"/><counter type="COMPLEXITY" missed="0" covered="1"/><counter type="METHOD" missed="0" covered="1"/></method><method name="initComponents" desc="()V" line="40"><counter type="INSTRUCTION" missed="0" covered="290"/><counter type="LINE" missed="0" covered="74"/><counter type="COMPLEXITY" missed="0" covered="1"/><counter type="METHOD" missed="0" covered="1"/></method><method name="btnAnadirModActionPerformed" desc="(Ljava/awt/event/ActionEvent;)V" line="137"><counter type="INSTRUCTION" missed="0" covered="8"/><counter type="LINE" missed="0" covered="2"/><counter type="COMPLEXITY" missed="0" covered="1"/><counter type="METHOD" missed="0" covered="1"/></method><method name="cargarLista" desc="()V" line="141"><counter type="INSTRUCTION" missed="42" covered="0"/><counter type="BRANCH" missed="4" covered="0"/><counter type="LINE" missed="9" covered="0"/><counter type="COMPLEXITY" missed="3" covered="0"/><counter type="METHOD" missed="1" covered="0"/></method><method name="main" desc="([Ljava/lang/String;)V" line="163"><counter type="INSTRUCTION" missed="66" covered="0"/><counter type="BRANCH" missed="4" covered="0"/><counter type="LINE" missed="15" covered="0"/><counter type="COMPLEXITY" missed="3" covered="0"/><counter type="METHOD" missed="1" covered="0"/></method><counter type="INSTRUCTION" missed="108" covered="326"/><counter type="BRANCH" missed="8" covered="0"/><counter type="LINE" missed="24" covered="83"/><counter type="COMPLEXITY" missed="6" covered="3"/><counter type="METHOD" missed="2" covered="3"/><counter type="CLASS" missed="0" covered="1"/></class><class name="imprenta/UI/NuevoOperario$1"><method name="&lt;init&gt;" desc="(Limprenta/UI/NuevoOperario;)V" line="62"><counter type="INSTRUCTION" missed="6" covered="0"/><counter type="LINE" missed="1" covered="0"/><counter type="COMPLEXITY" missed="1" covered="0"/><counter type="METHOD" missed="1" covered="0"/></method><method name="keyReleased" desc="(Ljava/awt/event/KeyEvent;)V" line="64"><counter type="INSTRUCTION" missed="5" covered="0"/><counter type="LINE" missed="2" covered="0"/><counter type="COMPLEXITY" missed="1" covered="0"/><counter type="METHOD" missed="1" covered="0"/></method><counter type="INSTRUCTION" missed="11" covered="0"/><counter type="LINE" missed="3" covered="0"/><counter type="COMPLEXITY" missed="2" covered="0"/><counter type="METHOD" missed="2" covered="0"/><counter type="CLASS" missed="1" covered="0"/></class><class name="imprenta/UI/NuevoCliente"><method name="&lt;init&gt;" desc="(Ljava/awt/Frame;Z)V" line="20"><counter type="INSTRUCTION" missed="21" covered="0"/><counter type="LINE" missed="7" covered="0"/><counter type="COMPLEXITY" missed="1" covered="0"/><counter type="METHOD" missed="1" covered="0"/></method><method name="initComponents" desc="()V" line="37"><counter type="INSTRUCTION" missed="249" covered="0"/><counter type="LINE" missed="60" covered="0"/><counter type="COMPLEXITY" missed="1" covered="0"/><counter type="METHOD" missed="1" covered="0"/></method><method name="btnRegistrarActionPerformed" desc="(Ljava/awt/event/ActionEvent;)V" line="124"><counter type="INSTRUCTION" missed="15" covered="0"/><counter type="LINE" missed="3" covered="0"/><counter type="COMPLEXITY" missed="1" covered="0"/><counter type="METHOD" missed="1" covered="0"/></method><method name="txtTelfKeyReleased" desc="(Ljava/awt/event/KeyEvent;)V" line="129"><counter type="INSTRUCTION" missed="23" covered="0"/><counter type="BRANCH" missed="4" covered="0"/><counter type="LINE" missed="5" covered="0"/><counter type="COMPLEXITY" missed="3" covered="0"/><counter type="METHOD" missed="1" covered="0"/></method><method name="txtNombreKeyReleased" desc="(Ljava/awt/event/KeyEvent;)V" line="138"><counter type="INSTRUCTION" missed="23" covered="0"/><counter type="BRANCH" missed="4" covered="0"/><counter type="LINE" missed="5" covered="0"/><counter type="COMPLEXITY" missed="3" covered="0"/><counter type="METHOD" missed="1" covered="0"/></method><method name="posibleRegistro" desc="()V" line="147"><counter type="INSTRUCTION" missed="18" covered="0"/><counter type="BRANCH" missed="4" covered="0"/><counter type="LINE" missed="5" covered="0"/><counter type="COMPLEXITY" missed="3" covered="0"/><counter type="METHOD" missed="1" covered="0"/></method><method name="main" desc="([Ljava/lang/String;)V" line="165"><counter type="INSTRUCTION" missed="66" covered="0"/><counter type="BRANCH" missed="4" covered="0"/><counter type="LINE" missed="15" covered="0"/><counter type="COMPLEXITY" missed="3" covered="0"/><counter type="METHOD" missed="1" covered="0"/></method><counter type="INSTRUCTION" missed="415" covered="0"/><counter type="BRANCH" missed="16" covered="0"/><counter type="LINE" missed="100" covered="0"/><counter type="COMPLEXITY" missed="15" covered="0"/><counter type="METHOD" missed="7" covered="0"/><counter type="CLASS" missed="1" covered="0"/></class><class name="imprenta/UI/NuevoTrabajo$2$1"><method name="&lt;init&gt;" desc="(Limprenta/UI/NuevoTrabajo$2;)V" line="292"><counter type="INSTRUCTION" missed="6" covered="0"/><counter type="LINE" missed="1" covered="0"/><counter type="COMPLEXITY" missed="1" covered="0"/><counter type="METHOD" missed="1" covered="0"/></method><method name="windowClosing" desc="(Ljava/awt/event/WindowEvent;)V" line="295"><counter type="INSTRUCTION" missed="3" covered="0"/><counter type="LINE" missed="2" covered="0"/><counter type="COMPLEXITY" missed="1" covered="0"/><counter type="METHOD" missed="1" covered="0"/></method><counter type="INSTRUCTION" missed="9" covered="0"/><counter type="LINE" missed="3" covered="0"/><counter type="COMPLEXITY" missed="2" covered="0"/><counter type="METHOD" missed="2" covered="0"/><counter type="CLASS" missed="1" covered="0"/></class><class name="imprenta/UI/RellenarMaquina"><method name="&lt;init&gt;" desc="(Ljava/awt/Frame;Z)V" line="20"><counter type="INSTRUCTION" missed="0" covered="21"/><counter type="LINE" missed="0" covered="6"/><counter type="COMPLEXITY" missed="0" covered="1"/><counter type="METHOD" missed="0" covered="1"/></method><method name="initComponents" desc="()V" line="36"><counter type="INSTRUCTION" missed="0" covered="287"/><counter type="LINE" missed="0" covered="67"/><counter type="COMPLEXITY" missed="0" covered="1"/><counter type="METHOD" missed="0" covered="1"/></method><method name="cbOperaActionPerformed" desc="(Ljava/awt/event/ActionEvent;)V" line="138"><counter type="INSTRUCTION" missed="8" covered="10"/><counter type="BRANCH" missed="1" covered="1"/><counter type="LINE" missed="2" covered="2"/><counter type="COMPLEXITY" missed="1" covered="1"/><counter type="METHOD" missed="0" covered="1"/></method><method name="txtOtroActionPerformed" desc="(Ljava/awt/event/ActionEvent;)V" line="146"><counter type="INSTRUCTION" missed="1" covered="0"/><counter type="LINE" missed="1" covered="0"/><counter type="COMPLEXITY" missed="1" covered="0"/><counter type="METHOD" missed="1" covered="0"/></method><method name="btnListaActionPerformed" desc="(Ljava/awt/event/ActionEvent;)V" line="149"><counter type="INSTRUCTION" missed="13" covered="0"/><counter type="LINE" missed="4" covered="0"/><counter type="COMPLEXITY" missed="1" covered="0"/><counter type="METHOD" missed="1" covered="0"/></method><method name="btnCancelarActionPerformed" desc="(Ljava/awt/event/ActionEvent;)V" line="155"><counter type="INSTRUCTION" missed="3" covered="0"/><counter type="LINE" missed="2" covered="0"/><counter type="COMPLEXITY" missed="1" covered="0"/><counter type="METHOD" missed="1" covered="0"/></method><method name="main" desc="([Ljava/lang/String;)V" line="168"><counter type="INSTRUCTION" missed="66" covered="0"/><counter type="BRANCH" missed="4" covered="0"/><counter type="LINE" missed="15" covered="0"/><counter type="COMPLEXITY" missed="3" covered="0"/><counter type="METHOD" missed="1" covered="0"/></method><counter type="INSTRUCTION" missed="91" covered="318"/><counter type="BRANCH" missed="5" covered="1"/><counter type="LINE" missed="24" covered="75"/><counter type="COMPLEXITY" missed="7" covered="3"/><counter type="METHOD" missed="4" covered="3"/><counter type="CLASS" missed="0" covered="1"/></class><class name="imprenta/UI/RellenarMaquina$2"><method name="&lt;init&gt;" desc="(Limprenta/UI/RellenarMaquina;)V" line="65"><counter type="INSTRUCTION" missed="0" covered="6"/><counter type="LINE" missed="0" covered="1"/><counter type="COMPLEXITY" missed="0" covered="1"/><counter type="METHOD" missed="0" covered="1"/></method><method name="actionPerformed" desc="(Ljava/awt/event/ActionEvent;)V" line="67"><counter type="INSTRUCTION" missed="0" covered="5"/><counter type="LINE" missed="0" covered="2"/><counter type="COMPLEXITY" missed="0" covered="1"/><counter type="METHOD" missed="0" covered="1"/></method><counter type="INSTRUCTION" missed="0" covered="11"/><counter type="LINE" missed="0" covered="3"/><counter type="COMPLEXITY" missed="0" covered="2"/><counter type="METHOD" missed="0" covered="2"/><counter type="CLASS" missed="0" covered="1"/></class><class name="imprenta/UI/RellenarMaquina$1"><method name="&lt;init&gt;" desc="(Limprenta/UI/RellenarMaquina;)V" line="56"><counter type="INSTRUCTION" missed="0" covered="6"/><counter type="LINE" missed="0" covered="1"/><counter type="COMPLEXITY" missed="0" covered="1"/><counter type="METHOD" missed="0" covered="1"/></method><method name="actionPerformed" desc="(Ljava/awt/event/ActionEvent;)V" line="58"><counter type="INSTRUCTION" missed="5" covered="0"/><counter type="LINE" missed="2" covered="0"/><counter type="COMPLEXITY" missed="1" covered="0"/><counter type="METHOD" missed="1" covered="0"/></method><counter type="INSTRUCTION" missed="5" covered="6"/><counter type="LINE" missed="2" covered="1"/><counter type="COMPLEXITY" missed="1" covered="1"/><counter type="METHOD" missed="1" covered="1"/><counter type="CLASS" missed="0" covered="1"/></class><class name="imprenta/UI/RellenarMaquina$4"><method name="&lt;init&gt;" desc="(Limprenta/UI/RellenarMaquina;)V" line="80"><counter type="INSTRUCTION" missed="0" covered="6"/><counter type="LINE" missed="0" covered="1"/><counter type="COMPLEXITY" missed="0" covered="1"/><counter type="METHOD" missed="0" covered="1"/></method><method name="actionPerformed" desc="(Ljava/awt/event/ActionEvent;)V" line="82"><counter type="INSTRUCTION" missed="5" covered="0"/><counter type="LINE" missed="2" covered="0"/><counter type="COMPLEXITY" missed="1" covered="0"/><counter type="METHOD" missed="1" covered="0"/></method><counter type="INSTRUCTION" missed="5" covered="6"/><counter type="LINE" missed="2" covered="1"/><counter type="COMPLEXITY" missed="1" covered="1"/><counter type="METHOD" missed="1" covered="1"/><counter type="CLASS" missed="0" covered="1"/></class><class name="imprenta/UI/NuevaModificacion$3$1"><method name="&lt;init&gt;" desc="(Limprenta/UI/NuevaModificacion$3;)V" line="147"><counter type="INSTRUCTION" missed="6" covered="0"/><counter type="LINE" missed="1" covered="0"/><counter type="COMPLEXITY" missed="1" covered="0"/><counter type="METHOD" missed="1" covered="0"/></method><method name="windowClosing" desc="(Ljava/awt/event/WindowEvent;)V" line="150"><counter type="INSTRUCTION" missed="3" covered="0"/><counter type="LINE" missed="2" covered="0"/><counter type="COMPLEXITY" missed="1" covered="0"/><counter type="METHOD" missed="1" covered="0"/></method><counter type="INSTRUCTION" missed="9" covered="0"/><counter type="LINE" missed="3" covered="0"/><counter type="COMPLEXITY" missed="2" covered="0"/><counter type="METHOD" missed="2" covered="0"/><counter type="CLASS" missed="1" covered="0"/></class><class name="imprenta/UI/RellenarMaquina$3"><method name="&lt;init&gt;" desc="(Limprenta/UI/RellenarMaquina;)V" line="73"><counter type="INSTRUCTION" missed="0" covered="6"/><counter type="LINE" missed="0" covered="1"/><counter type="COMPLEXITY" missed="0" covered="1"/><counter type="METHOD" missed="0" covered="1"/></method><method name="actionPerformed" desc="(Ljava/awt/event/ActionEvent;)V" line="75"><counter type="INSTRUCTION" missed="5" covered="0"/><counter type="LINE" missed="2" covered="0"/><counter type="COMPLEXITY" missed="1" covered="0"/><counter type="METHOD" missed="1" covered="0"/></method><counter type="INSTRUCTION" missed="5" covered="6"/><counter type="LINE" missed="2" covered="1"/><counter type="COMPLEXITY" missed="1" covered="1"/><counter type="METHOD" missed="1" covered="1"/><counter type="CLASS" missed="0" covered="1"/></class><class name="imprenta/UI/NuevoCliente$4$1"><method name="&lt;init&gt;" desc="(Limprenta/UI/NuevoCliente$4;)V" line="186"><counter type="INSTRUCTION" missed="6" covered="0"/><counter type="LINE" missed="1" covered="0"/><counter type="COMPLEXITY" missed="1" covered="0"/><counter type="METHOD" missed="1" covered="0"/></method><method name="windowClosing" desc="(Ljava/awt/event/WindowEvent;)V" line="189"><counter type="INSTRUCTION" missed="3" covered="0"/><counter type="LINE" missed="2" covered="0"/><counter type="COMPLEXITY" missed="1" covered="0"/><counter type="METHOD" missed="1" covered="0"/></method><counter type="INSTRUCTION" missed="9" covered="0"/><counter type="LINE" missed="3" covered="0"/><counter type="COMPLEXITY" missed="2" covered="0"/><counter type="METHOD" missed="2" covered="0"/><counter type="CLASS" missed="1" covered="0"/></class><class name="imprenta/UI/ModificacionesTrabajo$1"><method name="&lt;init&gt;" desc="(Limprenta/UI/ModificacionesTrabajo;)V" line="54"><counter type="INSTRUCTION" missed="0" covered="22"/><counter type="LINE" missed="0" covered="2"/><counter type="COMPLEXITY" missed="0" covered="1"/><counter type="METHOD" missed="0" covered="1"/></method><method name="getSize" desc="()I" line="56"><counter type="INSTRUCTION" missed="0" covered="4"/><counter type="LINE" missed="0" covered="1"/><counter type="COMPLEXITY" missed="0" covered="1"/><counter type="METHOD" missed="0" covered="1"/></method><method name="getElementAt" desc="(I)Ljava/lang/String;" line="57"><counter type="INSTRUCTION" missed="0" covered="5"/><counter type="LINE" missed="0" covered="1"/><counter type="COMPLEXITY" missed="0" covered="1"/><counter type="METHOD" missed="0" covered="1"/></method><counter type="INSTRUCTION" missed="0" covered="31"/><counter type="LINE" missed="0" covered="4"/><counter type="COMPLEXITY" missed="0" covered="3"/><counter type="METHOD" missed="0" covered="3"/><counter type="CLASS" missed="0" covered="1"/></class><class name="imprenta/UI/NuevoTrabajo"><method name="&lt;init&gt;" desc="(Ljava/awt/Frame;Z)V" line="23"><counter type="INSTRUCTION" missed="0" covered="10"/><counter type="LINE" missed="0" covered="4"/><counter type="COMPLEXITY" missed="0" covered="1"/><counter type="METHOD" missed="0" covered="1"/></method><method name="initComponents" desc="()V" line="37"><counter type="INSTRUCTION" missed="0" covered="656"/><counter type="LINE" missed="0" covered="155"/><counter type="COMPLEXITY" missed="0" covered="1"/><counter type="METHOD" missed="0" covered="1"/></method><method name="btnRegistrarActionPerformed" desc="(Ljava/awt/event/ActionEvent;)V" line="231"><counter type="INSTRUCTION" missed="43" covered="36"/><counter type="BRANCH" missed="2" covered="1"/><counter type="LINE" missed="8" covered="10"/><counter type="COMPLEXITY" missed="2" covered="1"/><counter type="METHOD" missed="0" covered="1"/></method><method name="cbTipoTrabajoActionPerformed" desc="(Ljava/awt/event/ActionEvent;)V" line="267"><counter type="INSTRUCTION" missed="25" covered="18"/><counter type="BRANCH" missed="2" covered="1"/><counter type="LINE" missed="7" covered="6"/><counter type="COMPLEXITY" missed="2" covered="1"/><counter type="METHOD" missed="0" covered="1"/></method><method name="main" desc="([Ljava/lang/String;)V" line="296"><counter type="INSTRUCTION" missed="66" covered="0"/><counter type="BRANCH" missed="4" covered="0"/><counter type="LINE" missed="15" covered="0"/><counter type="COMPLEXITY" missed="3" covered="0"/><counter type="METHOD" missed="1" covered="0"/></method><counter type="INSTRUCTION" missed="134" covered="720"/><counter type="BRANCH" missed="8" covered="2"/><counter type="LINE" missed="30" covered="175"/><counter type="COMPLEXITY" missed="7" covered="4"/><counter type="METHOD" missed="1" covered="4"/><counter type="CLASS" missed="0" covered="1"/></class><class name="imprenta/UI/ModificacionesTrabajo$3"><method name="&lt;init&gt;" desc="()V" line="182"><counter type="INSTRUCTION" missed="3" covered="0"/><counter type="LINE" missed="1" covered="0"/><counter type="COMPLEXITY" missed="1" covered="0"/><counter type="METHOD" missed="1" covered="0"/></method><method name="run" desc="()V" line="184"><counter type="INSTRUCTION" missed="7" covered="0"/><counter type="LINE" missed="2" covered="0"/><counter type="COMPLEXITY" missed="1" covered="0"/><counter type="METHOD" missed="1" covered="0"/></method><counter type="INSTRUCTION" missed="10" covered="0"/><counter type="LINE" missed="3" covered="0"/><counter type="COMPLEXITY" missed="2" covered="0"/><counter type="METHOD" missed="2" covered="0"/><counter type="CLASS" missed="1" covered="0"/></class><class name="imprenta/UI/ModificacionesTrabajo$2"><method name="&lt;init&gt;" desc="(Limprenta/UI/ModificacionesTrabajo;)V" line="62"><counter type="INSTRUCTION" missed="0" covered="6"/><counter type="LINE" missed="0" covered="1"/><counter type="COMPLEXITY" missed="0" covered="1"/><counter type="METHOD" missed="0" covered="1"/></method><method name="actionPerformed" desc="(Ljava/awt/event/ActionEvent;)V" line="64"><counter type="INSTRUCTION" missed="0" covered="5"/><counter type="LINE" missed="0" covered="2"/><counter type="COMPLEXITY" missed="0" covered="1"/><counter type="METHOD" missed="0" covered="1"/></method><counter type="INSTRUCTION" missed="0" covered="11"/><counter type="LINE" missed="0" covered="3"/><counter type="COMPLEXITY" missed="0" covered="2"/><counter type="METHOD" missed="0" covered="2"/><counter type="CLASS" missed="0" covered="1"/></class><class name="imprenta/UI/NuevoOperario$7$1"><method name="&lt;init&gt;" desc="(Limprenta/UI/NuevoOperario$7;)V" line="318"><counter type="INSTRUCTION" missed="6" covered="0"/><counter type="LINE" missed="1" covered="0"/><counter type="COMPLEXITY" missed="1" covered="0"/><counter type="METHOD" missed="1" covered="0"/></method><method name="windowClosing" desc="(Ljava/awt/event/WindowEvent;)V" line="321"><counter type="INSTRUCTION" missed="3" covered="0"/><counter type="LINE" missed="2" covered="0"/><counter type="COMPLEXITY" missed="1" covered="0"/><counter type="METHOD" missed="1" covered="0"/></method><counter type="INSTRUCTION" missed="9" covered="0"/><counter type="LINE" missed="3" covered="0"/><counter type="COMPLEXITY" missed="2" covered="0"/><counter type="METHOD" missed="2" covered="0"/><counter type="CLASS" missed="1" covered="0"/></class><class name="imprenta/UI/NuevoOperario"><method name="&lt;init&gt;" desc="(Ljava/awt/Frame;Z)V" line="20"><counter type="INSTRUCTION" missed="15" covered="0"/><counter type="LINE" missed="6" covered="0"/><counter type="COMPLEXITY" missed="1" covered="0"/><counter type="METHOD" missed="1" covered="0"/></method><method name="initComponents" desc="()V" line="36"><counter type="INSTRUCTION" missed="511" covered="0"/><counter type="LINE" missed="119" covered="0"/><counter type="COMPLEXITY" missed="1" covered="0"/><counter type="METHOD" missed="1" covered="0"/></method><method name="btnRegistrarActionPerformed" desc="(Ljava/awt/event/ActionEvent;)V" line="204"><counter type="INSTRUCTION" missed="43" covered="0"/><counter type="BRANCH" missed="2" covered="0"/><counter type="LINE" missed="12" covered="0"/><counter type="COMPLEXITY" missed="2" covered="0"/><counter type="METHOD" missed="1" covered="0"/></method><method name="txtNifKeyReleased" desc="(Ljava/awt/event/KeyEvent;)V" line="222"><counter type="INSTRUCTION" missed="23" covered="0"/><counter type="BRANCH" missed="4" covered="0"/><counter type="LINE" missed="5" covered="0"/><counter type="COMPLEXITY" missed="3" covered="0"/><counter type="METHOD" missed="1" covered="0"/></method><method name="txtNombreKeyReleased" desc="(Ljava/awt/event/KeyEvent;)V" line="231"><counter type="INSTRUCTION" missed="23" covered="0"/><counter type="BRANCH" missed="4" covered="0"/><counter type="LINE" missed="5" covered="0"/><counter type="COMPLEXITY" missed="3" covered="0"/><counter type="METHOD" missed="1" covered="0"/></method><method name="txtApellidosKeyReleased" desc="(Ljava/awt/event/KeyEvent;)V" line="240"><counter type="INSTRUCTION" missed="23" covered="0"/><counter type="BRANCH" missed="4" covered="0"/><counter type="LINE" missed="5" covered="0"/><counter type="COMPLEXITY" missed="3" covered="0"/><counter type="METHOD" missed="1" covered="0"/></method><method name="txtTelfKeyReleased" desc="(Lj
[...]
desc="(Ljava/lang/String;)Z" line="149"><counter type="INSTRUCTION" missed="4" covered="0"/><counter type="LINE" missed="1" covered="0"/><counter type="COMPLEXITY" missed="1" covered="0"/><counter type="METHOD" missed="1" covered="0"/></method><method name="validarColorTapas" desc="(Ljava/lang/String;)Z" line="161"><counter type="INSTRUCTION" missed="25" covered="0"/><counter type="BRANCH" missed="4" covered="0"/><counter type="LINE" missed="4" covered="0"/><counter type="COMPLEXITY" missed="3" covered="0"/><counter type="METHOD" missed="1" covered="0"/></method><counter type="INSTRUCTION" missed="97" covered="59"/><counter type="BRANCH" missed="21" covered="5"/><counter type="LINE" missed="23" covered="19"/><counter type="COMPLEXITY" missed="21" covered="4"/><counter type="METHOD" missed="9" covered="3"/><counter type="CLASS" missed="0" covered="1"/></class><class name="imprenta/OImpresion"><method name="&lt;init&gt;" desc="()V" line="19"><counter type="INSTRUCTION" missed="3" covered="0"/><counter type="LINE" missed="2" covered="0"/><counter type="COMPLEXITY" missed="1" covered="0"/><counter type="METHOD" missed="1" covered="0"/></method><method name="&lt;init&gt;" desc="(Ljava/lang/String;Ljava/lang/String;Ljava/lang/String;Ljava/lang/String;Ljava/lang/String;Z)V" line="34"><counter type="INSTRUCTION" missed="9" covered="0"/><counter type="LINE" missed="2" covered="0"/><counter type="COMPLEXITY" missed="1" covered="0"/><counter type="METHOD" missed="1" covered="0"/></method><method name="&lt;init&gt;" desc="(Limprenta/Operario;)V" line="45"><counter type="INSTRUCTION" missed="4" covered="0"/><counter type="LINE" missed="2" covered="0"/><counter type="COMPLEXITY" missed="1" covered="0"/><counter type="METHOD" missed="1" covered="0"/></method><counter type="INSTRUCTION" missed="16" covered="0"/><counter type="LINE" missed="6" covered="0"/><counter type="COMPLEXITY" missed="3" covered="0"/><counter type="METHOD" missed="3" covered="0"/><counter type="CLASS" missed="1" covered="0"/></class><sourcefile name="Modificacion.java"><line nr="28" mi="0" ci="3" mb="0" cb="0"/><line nr="31" mi="8" ci="4" mb="0" cb="0"/><line nr="37" mi="2" ci="0" mb="0" cb="0"/><line nr="38" mi="1" ci="0" mb="0" cb="0"/><line nr="50" mi="0" ci="2" mb="0" cb="0"/><line nr="51" mi="0" ci="3" mb="0" cb="0"/><line nr="52" mi="0" ci="3" mb="0" cb="0"/><line nr="53" mi="0" ci="3" mb="0" cb="0"/><line nr="54" mi="0" ci="3" mb="0" cb="0"/><line nr="55" mi="0" ci="3" mb="0" cb="0"/><line nr="56" mi="0" ci="3" mb="0" cb="0"/><line nr="57" mi="0" ci="1" mb="0" cb="0"/><line nr="65" mi="2" ci="0" mb="0" cb="0"/><line nr="66" mi="3" ci="0" mb="0" cb="0"/><line nr="67" mi="4" ci="0" mb="0" cb="0"/><line nr="68" mi="4" ci="0" mb="0" cb="0"/><line nr="69" mi="4" ci="0" mb="0" cb="0"/><line nr="70" mi="4" ci="0" mb="0" cb="0"/><line nr="71" mi="4" ci="0" mb="0" cb="0"/><line nr="72" mi="1" ci="0" mb="0" cb="0"/><line nr="75" mi="3" ci="0" mb="0" cb="0"/><line nr="79" mi="3" ci="0" mb="0" cb="0"/><line nr="83" mi="3" ci="0" mb="0" cb="0"/><line nr="87" mi="3" ci="0" mb="0" cb="0"/><line nr="91" mi="3" ci="0" mb="0" cb="0"/><line nr="95" mi="3" ci="0" mb="0" cb="0"/><line nr="99" mi="3" ci="0" mb="0" cb="0"/><line nr="100" mi="5" ci="0" mb="0" cb="0"/><line nr="101" mi="1" ci="0" mb="0" cb="0"/><line nr="104" mi="5" ci="0" mb="0" cb="0"/><line nr="105" mi="5" ci="0" mb="0" cb="0"/><line nr="109" mi="5" ci="0" mb="0" cb="0"/><line nr="110" mi="5" ci="0" mb="0" cb="0"/><line nr="115" mi="32" ci="0" mb="0" cb="0"/><counter type="INSTRUCTION" missed="116" covered="28"/><counter type="LINE" missed="24" covered="10"/><counter type="COMPLEXITY" missed="12" covered="2"/><counter type="METHOD" missed="12" covered="2"/><counter type="CLASS" missed="0" covered="1"/></sourcefile><sourcefile name="Libro.java"><line nr="20" mi="42" ci="0" mb="0" cb="0"/><line nr="21" mi="36" ci="0" mb="0" cb="0"/><line nr="30" mi="2" ci="0" mb="0" cb="0"/><line nr="31" mi="1" ci="0" mb="0" cb="0"/><line nr="45" mi="6" ci="0" mb="0" cb="0"/><line nr="46" mi="3" ci="0" mb="2" cb="0"/><line nr="47" mi="3" ci="0" mb="0" cb="0"/><line nr="49" mi="4" ci="0" mb="2" cb="0"/><line nr="50" mi="7" ci="0" mb="0" cb="0"/><line nr="51" mi="4" ci="0" mb="2" cb="0"/><line nr="52" mi="7" ci="0" mb="0" cb="0"/><line nr="53" mi="4" ci="0" mb="2" cb="0"/><line nr="54" mi="7" ci="0" mb="0" cb="0"/><line nr="55" mi="4" ci="0" mb="2" cb="0"/><line nr="56" mi="7" ci="0" mb="0" cb="0"/><line nr="57" mi="4" ci="0" mb="2" cb="0"/><line nr="58" mi="7" ci="0" mb="0" cb="0"/><line nr="59" mi="4" ci="0" mb="2" cb="0"/><line nr="60" mi="6" ci="0" mb="0" cb="0"/><line nr="62" mi="1" ci="0" mb="0" cb="0"/><line nr="71" mi="3" ci="0" mb="0" cb="0"/><line nr="72" mi="4" ci="0" mb="0" cb="0"/><line nr="73" mi="4" ci="0" mb="0" cb="0"/><line nr="74" mi="1" ci="0" mb="0" cb="0"/><line nr="78" mi="20" ci="0" mb="0" cb="0"/><counter type="INSTRUCTION" missed="191" covered="0"/><counter type="BRANCH" missed="14" covered="0"/><counter type="LINE" missed="25" covered="0"/><counter type="COMPLEXITY" missed="15" covered="0"/><counter type="METHOD" missed="8" covered="0"/><counter type="CLASS" missed="2" covered="0"/></sourcefile><sourcefile name="OImpresion.java"><line nr="19" mi="2" ci="0" mb="0" cb="0"/><line nr="20" mi="1" ci="0" mb="0" cb="0"/><line nr="34" mi="8" ci="0" mb="0" cb="0"/><line nr="35" mi="1" ci="0" mb="0" cb="0"/><line nr="45" mi="3" ci="0" mb="0" cb="0"/><line nr="46" mi="1" ci="0" mb="0" cb="0"/><counter type="INSTRUCTION" missed="16" covered="0"/><counter type="LINE" missed="6" covered="0"/><counter type="COMPLEXITY" missed="3" covered="0"/><counter type="METHOD" missed="3" covered="0"/><counter type="CLASS" missed="1" covered="0"/></sourcefile><sourcefile name="Validaciones.java"><line nr="15" mi="3" ci="0" mb="0" cb="0"/><line nr="24" mi="2" ci="0" mb="0" cb="0"/><line nr="25" mi="16" ci="0" mb="2" cb="0"/><line nr="26" mi="5" ci="0" mb="2" cb="0"/><line nr="27" mi="2" ci="0" mb="0" cb="0"/><line nr="30" mi="2" ci="0" mb="0" cb="0"/><line nr="40" mi="4" ci="0" mb="0" cb="0"/><line nr="50" mi="4" ci="0" mb="0" cb="0"/><line nr="60" mi="0" ci="2" mb="0" cb="0"/><line nr="61" mi="0" ci="5" mb="2" cb="2"/><line nr="62" mi="0" ci="2" mb="0" cb="0"/><line nr="64" mi="0" ci="2" mb="0" cb="0"/><line nr="74" mi="0" ci="2" mb="0" cb="0"/><line nr="75" mi="2" ci="3" mb="3" cb="1"/><line nr="76" mi="2" ci="0" mb="0" cb="0"/><line nr="78" mi="0" ci="2" mb="0" cb="0"/><line nr="88" mi="2" ci="0" mb="0" cb="0"/><line nr="89" mi="5" ci="0" mb="4" cb="0"/><line nr="90" mi="2" ci="0" mb="0" cb="0"/><line nr="92" mi="2" ci="0" mb="0" cb="0"/><line nr="102" mi="2" ci="0" mb="0" cb="0"/><line nr="103" mi="5" ci="0" mb="4" cb="0"/><line nr="104" mi="2" ci="0" mb="0" cb="0"/><line nr="106" mi="2" ci="0" mb="0" cb="0"/><line nr="117" mi="0" ci="3" mb="0" cb="0"/><line nr="118" mi="0" ci="4" mb="0" cb="0"/><line nr="119" mi="0" ci="3" mb="0" cb="2"/><line nr="120" mi="0" ci="4" mb="0" cb="0"/><line nr="121" mi="0" ci="2" mb="0" cb="0"/><line nr="122" mi="0" ci="5" mb="0" cb="0"/><line nr="123" mi="0" ci="4" mb="0" cb="0"/><line nr="124" mi="0" ci="7" mb="0" cb="0"/><line nr="125" mi="0" ci="4" mb="0" cb="0"/><line nr="126" mi="0" ci="1" mb="0" cb="0"/><line nr="127" mi="0" ci="2" mb="0" cb="0"/><line nr="129" mi="0" ci="2" mb="0" cb="0"/><line nr="139" mi="4" ci="0" mb="0" cb="0"/><line nr="149" mi="4" ci="0" mb="0" cb="0"/><line nr="161" mi="16" ci="0" mb="2" cb="0"/><line nr="162" mi="5" ci="0" mb="2" cb="0"/><line nr="163" mi="2" ci="0" mb="0" cb="0"/><line nr="166" mi="2" ci="0" mb="0" cb="0"/><counter type="INSTRUCTION" missed="97" covered="59"/><counter type="BRANCH" missed="21" covered="5"/><counter type="LINE" missed="23" covered="19"/><counter type="COMPLEXITY" missed="21" covered="4"/><counter type="METHOD" missed="9" covered="3"/><counter type="CLASS" missed="0" covered="1"/></sourcefile><sourcefile name="OMaquina.java"><line nr="19" mi="2" ci="0" mb="0" cb="0"/><line nr="20" mi="1" ci="0" mb="0" cb="0"/><line nr="34" mi="8" ci="0" mb="0" cb="0"/><line nr="35" mi="1" ci="0" mb="0" cb="0"/><line nr="44" mi="3" ci="0" mb="0" cb="0"/><line nr="45" mi="1" ci="0" mb="0" cb="0"/><counter type="INSTRUCTION" missed="16" covered="0"/><counter type="LINE" missed="6" covered="0"/><counter type="COMPLEXITY" missed="3" covered="0"/><counter type="METHOD" missed="3" covered="0"/><counter type="CLASS" missed="1" covered="0"/></sourcefile><sourcefile name="Maquina.java"><line nr="32" mi="0" ci="3" mb="0" cb="0"/><line nr="36" mi="12" ci="0" mb="0" cb="0"/><line nr="42" mi="2" ci="0" mb="0" cb="0"/><line nr="43" mi="1" ci="0" mb="0" cb="0"/><line nr="56" mi="2" ci="0" mb="0" cb="0"/><line nr="57" mi="3" ci="0" mb="0" cb="0"/><line nr="58" mi="3" ci="0" mb="0" cb="0"/><line nr="59" mi="3" ci="0" mb="0" cb="0"/><line nr="60" mi="3" ci="0" mb="0" cb="0"/><line nr="61" mi="3" ci="0" mb="0" cb="0"/><line nr="62" mi="3" ci="0" mb="0" cb="0"/><line nr="63" mi="3" ci="0" mb="0" cb="0"/><line nr="64" mi="5" ci="0" mb="0" cb="0"/><line nr="65" mi="1" ci="0" mb="0" cb="0"/><line nr="73" mi="2" ci="0" mb="0" cb="0"/><line nr="74" mi="3" ci="0" mb="0" cb="0"/><line nr="75" mi="4" ci="0" mb="0" cb="0"/><line nr="76" mi="4" ci="0" mb="0" cb="0"/><line nr="77" mi="4" ci="0" mb="0" cb="0"/><line nr="78" mi="4" ci="0" mb="0" cb="0"/><line nr="79" mi="4" ci="0" mb="0" cb="0"/><line nr="80" mi="4" ci="0" mb="0" cb="0"/><line nr="81" mi="5" ci="0" mb="0" cb="0"/><line nr="82" mi="1" ci="0" mb="0" cb="0"/><line nr="85" mi="0" ci="3" mb="0" cb="0"/><line nr="89" mi="0" ci="3" mb="0" cb="0"/><line nr="93" mi="0" ci="3" mb="0" cb="0"/><line nr="97" mi="0" ci="3" mb="0" cb="0"/><line nr="101" mi="0" ci="3" mb="0" cb="0"/><line nr="105" mi="0" ci="3" mb="0" cb="0"/><line nr="109" mi="0" ci="5" mb="0" cb="0"/><line nr="110" mi="0" ci="6" mb="0" cb="0"/><line nr="114" mi="3" ci="0" mb="0" cb="0"/><line nr="125" mi="5" ci="0" mb="0" cb="0"/><line nr="126" mi="5" ci="0" mb="0" cb="0"/><line nr="137" mi="7" ci="0" mb="0" cb="0"/><line nr="140" mi="1" ci="0" mb="0" cb="0"/><line nr="147" mi="4" ci="0" mb="0" cb="0"/><line nr="148" mi="1" ci="0" mb="0" cb="0"/><line nr="151" mi="3" ci="0" mb="2" cb="0"/><line nr="152" mi="7" ci="0" mb="0" cb="0"/><line nr="153" mi="3" ci="0" mb="2" cb="0"/><line nr="154" mi="7" ci="0" mb="0" cb="0"/><line nr="156" mi="6" ci="0" mb="0" cb="0"/><line nr="158" mi="1" ci="0" mb="0" cb="0"/><line nr="162" mi="42" ci="0" mb="0" cb="0"/><counter type="INSTRUCTION" missed="174" covered="32"/><counter type="BRANCH" missed="4" covered="0"/><counter type="LINE" missed="37" covered="9"/><counter type="COMPLEXITY" missed="11" covered="8"/><counter type="METHOD" missed="9" covered="8"/><counter type="CLASS" missed="0" covered="1"/></sourcefile><sourcefile name="Trabajo.java"><line nr="19" mi="5" ci="25" mb="0" cb="0"/><line nr="20" mi="0" ci="18" mb="0" cb="0"/><line nr="31" mi="0" ci="3" mb="0" cb="0"/><line nr="34" mi="8" ci="4" mb="0" cb="0"/><line nr="40" mi="2" ci="0" mb="0" cb="0"/><line nr="41" mi="1" ci="0" mb="0" cb="0"/><line nr="51" mi="0" ci="2" mb="0" cb="0"/><line nr="52" mi="0" ci="3" mb="0" cb="0"/><line nr="53" mi="0" ci="3" mb="0" cb="0"/><line nr="54" mi="0" ci="4" mb="1" cb="1"/><line nr="55" mi="0" ci="7" mb="0" cb="0"/><line nr="56" mi="4" ci="0" mb="2" cb="0"/><line nr="57" mi="7" ci="0" mb="0" cb="0"/><line nr="58" mi="4" ci="0" mb="2" cb="0"/><line nr="59" mi="6" ci="0" mb="0" cb="0"/><line nr="61" mi="0" ci="3" mb="0" cb="0"/><line nr="62" mi="0" ci="3" mb="0" cb="0"/><line nr="63" mi="0" ci="5" mb="0" cb="0"/><line nr="64" mi="0" ci="1" mb="0" cb="0"/><line nr="72" mi="2" ci="0" mb="0" cb="0"/><line nr="73" mi="4" ci="0" mb="0" cb="0"/><line nr="74" mi="4" ci="0" mb="0" cb="0"/><line nr="75" mi="4" ci="0" mb="0" cb="0"/><line nr="76" mi="4" ci="0" mb="0" cb="0"/><line nr="77" mi="4" ci="0" mb="0" cb="0"/><line nr="78" mi="1" ci="0" mb="0" cb="0"/><line nr="81" mi="0" ci="3" mb="0" cb="0"/><line nr="85" mi="0" ci="5" mb="0" cb="0"/><line nr="86" mi="0" ci="6" mb="0" cb="0"/><line nr="90" mi="0" ci="3" mb="1" cb="1"/><line nr="91" mi="0" ci="4" mb="0" cb="0"/><line nr="93" mi="2" ci="0" mb="0" cb="0"/><line nr="98" mi="0" ci="3" mb="1" cb="1"/><line nr="99" mi="5" ci="0" mb="0" cb="0"/><line nr="100" mi="6" ci="0" mb="0" cb="0"/><line nr="102" mi="0" ci="2" mb="0" cb="0"/><line nr="107" mi="0" ci="3" mb="1" cb="1"/><line nr="108" mi="5" ci="0" mb="0" cb="0"/><line nr="109" mi="6" ci="0" mb="0" cb="0"/><line nr="111" mi="0" ci="2" mb="0" cb="0"/><line nr="116" mi="0" ci="3" mb="0" cb="0"/><line nr="120" mi="3" ci="0" mb="0" cb="0"/><line nr="124" mi="3" ci="0" mb="0" cb="0"/><line nr="128" mi="3" ci="0" mb="0" cb="0"/><line nr="129" mi="1" ci="0" mb="0" cb="0"/><line nr="132" mi="3" ci="0" mb="0" cb="0"/><line nr="133" mi="1" ci="0" mb="0" cb="0"/><line nr="136" mi="3" ci="0" mb="0" cb="0"/><line nr="137" mi="1" ci="0" mb="0" cb="0"/><line nr="140" mi="0" ci="3" mb="0" cb="0"/><line nr="141" mi="0" ci="1" mb="0" cb="0"/><line nr="144" mi="3" ci="0" mb="0" cb="0"/><line nr="145" mi="1" ci="0" mb="0" cb="0"/><line nr="148" mi="3" ci="0" mb="0" cb="0"/><line nr="149" mi="1" ci="0" mb="0" cb="0"/><line nr="152" mi="3" ci="0" mb="0" cb="0"/><line nr="153" mi="1" ci="0" mb="0" cb="0"/><line nr="157" mi="32" ci="0" mb="0" cb="0"/><counter type="INSTRUCTION" missed="146" covered="119"/><counter type="BRANCH" missed="8" covered="4"/><counter type="LINE" missed="33" covered="25"/><counter type="COMPLEXITY" missed="18" covered="12"/><counter type="METHOD" missed="12" covered="12"/><counter type="CLASS" missed="0" covered="2"/></sourcefile><sourcefile name="Cliente.java"><line nr="25" mi="2" ci="0" mb="0" cb="0"/><line nr="26" mi="1" ci="0" mb="0" cb="0"/><line nr="35" mi="2" ci="0" mb="0" cb="0"/><line nr="36" mi="3" ci="0" mb="2" cb="0"/><line nr="37" mi="3" ci="0" mb="0" cb="0"/><line nr="39" mi="3" ci="0" mb="2" cb="0"/><line nr="40" mi="3" ci="0" mb="0" cb="0"/><line nr="42" mi="1" ci="0" mb="0" cb="0"/><line nr="50" mi="2" ci="0" mb="0" cb="0"/><line nr="51" mi="4" ci="0" mb="0" cb="0"/><line nr="52" mi="4" ci="0" mb="0" cb="0"/><line nr="53" mi="1" ci="0" mb="0" cb="0"/><line nr="57" mi="17" ci="0" mb="0" cb="0"/><counter type="INSTRUCTION" missed="46" covered="0"/><counter type="BRANCH" missed="4" covered="0"/><counter type="LINE" missed="13" covered="0"/><counter type="COMPLEXITY" missed="6" covered="0"/><counter type="METHOD" missed="4" covered="0"/><counter type="CLASS" missed="1" covered="0"/></sourcefile><sourcefile name="InvalidSurfaceException.java"><line nr="14" mi="2" ci="0" mb="0" cb="0"/><line nr="15" mi="1" ci="0" mb="0" cb="0"/><counter type="INSTRUCTION" missed="3" covered="0"/><counter type="LINE" missed="2" covered="0"/><counter type="COMPLEXITY" missed="1" covered="0"/><counter type="METHOD" missed="1" covered="0"/><counter type="CLASS" missed="1" covered="0"/></sourcefile><sourcefile name="Poster.java"><line nr="26" mi="2" ci="0" mb="0" cb="0"/><line nr="27" mi="1" ci="0" mb="0" cb="0"/><line nr="42" mi="0" ci="6" mb="0" cb="0"/><line nr="43" mi="3" ci="3" mb="3" cb="1"/><line nr="44" mi="3" ci="0" mb="0" cb="0"/><line nr="45" mi="3" ci="0" mb="0" cb="0"/><line nr="47" mi="0" ci="3" mb="1" cb="1"/><line nr="48" mi="0" ci="3" mb="0" cb="0"/><line nr="50" mi="0" ci="1" mb="0" cb="0"/><line nr="59" mi="3" ci="0" mb="0" cb="0"/><line nr="60" mi="4" ci="0" mb="0" cb="0"/><line nr="61" mi="4" ci="0" mb="0" cb="0"/><line nr="62" mi="4" ci="0" mb="0" cb="0"/><line nr="63" mi="1" ci="0" mb="0" cb="0"/><line nr="67" mi="25" ci="0" mb="0" cb="0"/><counter type="INSTRUCTION" missed="53" covered="16"/><counter type="BRANCH" missed="4" covered="2"/><counter type="LINE" missed="10" covered="5"/><counter type="COMPLEXITY" missed="6" covered="1"/><counter type="METHOD" missed="3" covered="1"/><counter type="CLASS" missed="0" covered="1"/></sourcefile><sourcefile name="Rotulo.java"><line nr="24" mi="2" ci="0" mb="0" cb="0"/><line nr="25" mi="1" ci="0" mb="0" cb="0"/><line nr="38" mi="6" ci="0" mb="0" cb="0"/><line nr="39" mi="3" ci="0" mb="2" cb="0"/><line nr="40" mi="3" ci="0" mb="0" cb="0"/><line nr="42" mi="1" ci="0" mb="0" cb="0"/><line nr="51" mi="3" ci="0" mb="0" cb="0"/><line nr="52" mi="4" ci="0" mb="0" cb="0"/><line nr="53" mi="1" ci="0" mb="0" cb="0"/><line nr="57" mi="15" ci="0" mb="0" cb="0"/><counter type="INSTRUCTION" missed="39" covered="0"/><counter type="BRANCH" missed="2" covered="0"/><counter type="LINE" missed="10" covered="0"/><counter type="COMPLEXITY" missed="5" covered="0"/><counter type="METHOD" missed="4" covered="0"/><counter type="CLASS" missed="1" covered="0"/></sourcefile><sourcefile name="Operario.java"><line nr="34" mi="2" ci="0" mb="0" cb="0"/><line nr="35" mi="1" ci="0" mb="0" cb="0"/><line nr="50" mi="2" ci="0" mb="0" cb="0"/><line nr="51" mi="3" ci="0" mb="2" cb="0"/><line nr="52" mi="3" ci="0" mb="0" cb="0"/><line nr="54" mi="3" ci="0" mb="2" cb="0"/><line nr="55" mi="3" ci="0" mb="0" cb="0"/><line nr="57" mi="3" ci="0" mb="2" cb="0"/><line nr="58" mi="3" ci="0" mb="0" cb="0"/><line nr="60" mi="3" ci="0" mb="2" cb="0"/><line nr="61" mi="3" ci="0" mb="0" cb="0"/><line nr="63" mi="3" ci="0" mb="2" cb="0"/><line nr="64" mi="3" ci="0" mb="0" cb="0"/><line nr="66" mi="3" ci="0" mb="0" cb="0"/><line nr="67" mi="1" ci="0" mb="0" cb="0"/><line nr="78" mi="2" ci="0" mb="0" cb="0"/><line nr="79" mi="4" ci="0" mb="0" cb="0"/><line nr="80" mi="4" ci="0" mb="0" cb="0"/><line nr="81" mi="4" ci="0" mb="0" cb="0"/><line nr="82" mi="4" ci="0" mb="0" cb="0"/><line nr="83" mi="4" ci="0" mb="0" cb="0"/><line nr="84" mi="4" ci="0" mb="0" cb="0"/><line nr="85" mi="1" ci="0" mb="0" cb="0"/><line nr="92" mi="0" ci="3" mb="0" cb="0"/><line nr="96" mi="0" ci="3" mb="0" cb="0"/><line nr="100" mi="0" ci="3" mb="0" cb="0"/><line nr="104" mi="3" ci="0" mb="0" cb="0"/><line nr="108" mi="3" ci="0" mb="0" cb="0"/><line nr="112" mi="3" ci="0" mb="0" cb="0"/><line nr="120" mi="37" ci="0" mb="0" cb="0"/><counter type="INSTRUCTION" missed="112" covered="9"/><counter type="BRANCH" missed="10" covered="0"/><counter type="LINE" missed="27" covered="3"/><counter type="COMPLEXITY" missed="12" covered="3"/><counter type="METHOD" missed="7" covered="3"/><counter type="CLASS" missed="0" covered="1"/></sourcefile><sourcefile name="Reparacion.java"><line nr="29" mi="3" ci="0" mb="0" cb="0"/><line nr="32" mi="12" ci="0" mb="0" cb="0"/><line nr="35" mi="2" ci="0" mb="0" cb="0"/><line nr="37" mi="1" ci="0" mb="0" cb="0"/><line nr="46" mi="2" ci="0" mb="0" cb="0"/><line nr="47" mi="3" ci="0" mb="0" cb="0"/><line nr="48" mi="3" ci="0" mb="0" cb="0"/><line nr="49" mi="3" ci="0" mb="2" cb="0"/><line nr="50" mi="3" ci="0" mb="0" cb="0"/><line nr="52" mi="1" ci="0" mb="0" cb="0"/><line nr="61" mi="2" ci="0" mb="0" cb="0"/><line nr="62" mi="4" ci="0" mb="0" cb="0"/><line nr="63" mi="4" ci="0" mb="0" cb="0"/><line nr="64" mi="4" ci="0" mb="0" cb="0"/><line nr="65" mi="1" ci="0" mb="0" cb="0"/><line nr="74" mi="22" ci="0" mb="0" cb="0"/><counter type="INSTRUCTION" missed="70" covered="0"/><counter type="BRANCH" missed="2" covered="0"/><counter type="LINE" missed="16" covered="0"/><counter type="COMPLEXITY" missed="6" covered="0"/><counter type="METHOD" missed="5" covered="0"/><counter type="CLASS" missed="1" covered="0"/></sourcefile><counter type="INSTRUCTION" missed="1079" covered="263"/><counter type="BRANCH" missed="69" covered="11"/><counter type="LINE" missed="232" covered="71"/><counter type="COMPLEXITY" missed="119" covered="30"/><counter type="METHOD" missed="80" covered="29"/><counter type="CLASS" missed="8" covered="7"/></package><counter type="INSTRUCTION" missed="4274" covered="4776"/><counter type="BRANCH" missed="242" covered="54"/><counter type="LINE" missed="944" covered="1126"/><counter type="COMPLEXITY" missed="340" covered="134"/><counter type="METHOD" missed="201" covered="124"/><counter type="CLASS" missed="38" covered="46"/></report>